<?xml version="1.0" encoding="UTF-8"?>
<!-- Generated by org.testng.reporters.JUnitReportReporter -->
<testsuite hostname="asus" failures="0" tests="2" name="de.learnlib.algorithm.lambda.lstar.dfa.LLambdaDFAGrowingAlphabetTest" time="0.046" errors="0" timestamp="2025-05-04T15:12:07 CEST" skipped="0">
  <testcase classname="de.learnlib.algorithm.lambda.lstar.dfa.LLambdaDFAGrowingAlphabetTest" name="testInitialAlphabet" time="0.001"/>
  <testcase classname="de.learnlib.algorithm.lambda.lstar.dfa.LLambdaDFAGrowingAlphabetTest" name="testGrowingAlphabet" time="0.045"/>
</testsuite> <!-- de.learnlib.algorithm.lambda.lstar.dfa.LLambdaDFAGrowingAlphabetTest -->
