<?xml version="1.0" encoding="UTF-8"?>
<!-- Generated by org.testng.reporters.JUnitReportReporter -->
<testsuite hostname="asus" failures="0" tests="2" name="de.learnlib.algorithm.lambda.lstar.mealy.LLambdaMealyGrowingAlphabetTest" time="0.024" errors="0" timestamp="2025-05-04T15:12:07 CEST" skipped="0">
  <testcase classname="de.learnlib.algorithm.lambda.lstar.mealy.LLambdaMealyGrowingAlphabetTest" name="testInitialAlphabet" time="0.000"/>
  <testcase classname="de.learnlib.algorithm.lambda.lstar.mealy.LLambdaMealyGrowingAlphabetTest" name="testGrowingAlphabet" time="0.024"/>
</testsuite> <!-- de.learnlib.algorithm.lambda.lstar.mealy.LLambdaMealyGrowingAlphabetTest -->
