<?xml version="1.0" encoding="UTF-8"?>
<!-- Generated by org.testng.reporters.JUnitReportReporter -->
<testsuite hostname="asus" failures="0" tests="1" name="de.learnlib.algorithm.lambda.lstar.dfa.LLambdaDFACounterexampleQueueTest" time="0.022" errors="0" timestamp="2025-05-04T15:12:07 CEST" skipped="0">
  <testcase classname="de.learnlib.algorithm.lambda.lstar.dfa.LLambdaDFACounterexampleQueueTest" name="testPop" time="0.022"/>
</testsuite> <!-- de.learnlib.algorithm.lambda.lstar.dfa.LLambdaDFACounterexampleQueueTest -->
