<?xml version="1.0" encoding="UTF-8"?>
<!-- Generated by org.testng.reporters.JUnitReportReporter -->
<testsuite hostname="asus" failures="0" tests="3" name="de.learnlib.oracle.emptiness.DFALassoEmptinessOracleImplTest" time="1.062" errors="0" timestamp="2025-05-04T15:12:49 CEST" skipped="0">
  <testcase classname="de.learnlib.oracle.emptiness.DFALassoEmptinessOracleImplTest" name="testFindCounterExample" time="0.017"/>
  <testcase classname="de.learnlib.oracle.emptiness.DFALassoEmptinessOracleImplTest" name="testProcessInput" time="0.018"/>
  <testcase classname="de.learnlib.oracle.emptiness.DFALassoEmptinessOracleImplTest" name="testIsCounterExample" time="1.027"/>
</testsuite> <!-- de.learnlib.oracle.emptiness.DFALassoEmptinessOracleImplTest -->
