<?xml version="1.0" encoding="UTF-8"?>
<!-- Generated by org.testng.reporters.JUnitReportReporter -->
<testsuite hostname="asus" failures="0" tests="3" name="de.learnlib.oracle.emptiness.MealyLassoEmptinessOracleImplTest" time="0.080" errors="0" timestamp="2025-05-04T15:12:49 CEST" skipped="0">
  <testcase classname="de.learnlib.oracle.emptiness.MealyLassoEmptinessOracleImplTest" name="testFindCounterExample" time="0.005"/>
  <testcase classname="de.learnlib.oracle.emptiness.MealyLassoEmptinessOracleImplTest" name="testProcessInput" time="0.069"/>
  <testcase classname="de.learnlib.oracle.emptiness.MealyLassoEmptinessOracleImplTest" name="testIsCounterExample" time="0.006"/>
</testsuite> <!-- de.learnlib.oracle.emptiness.MealyLassoEmptinessOracleImplTest -->
