<?xml version="1.0" encoding="UTF-8"?>
<!-- Generated by org.testng.reporters.JUnitReportReporter -->
<testsuite hostname="asus" failures="0" tests="6" name="de.learnlib.oracle.emptiness.DFABFEmptinessOracleTest" time="0.168" errors="0" timestamp="2025-05-04T15:12:49 CEST" skipped="0">
  <testcase classname="de.learnlib.oracle.emptiness.DFABFEmptinessOracleTest" name="testNextInput" time="0.005"/>
  <testcase classname="de.learnlib.oracle.emptiness.DFABFEmptinessOracleTest" name="testAddWord" time="0.141"/>
  <testcase classname="de.learnlib.oracle.emptiness.DFABFEmptinessOracleTest" name="testFindCounterExample" time="0.006"/>
  <testcase classname="de.learnlib.oracle.emptiness.DFABFEmptinessOracleTest" name="testGetMultiplier" time="0.006"/>
  <testcase classname="de.learnlib.oracle.emptiness.DFABFEmptinessOracleTest" name="testIsCounterExample" time="0.005"/>
  <testcase classname="de.learnlib.oracle.emptiness.DFABFEmptinessOracleTest" name="testPre" time="0.005"/>
</testsuite> <!-- de.learnlib.oracle.emptiness.DFABFEmptinessOracleTest -->
