<?xml version="1.0" encoding="UTF-8"?>
<!-- Generated by org.testng.reporters.JUnitReportReporter -->
<testsuite hostname="asus" failures="0" tests="6" name="de.learnlib.oracle.emptiness.MealyBFEmptinessOracleTest" time="0.092" errors="0" timestamp="2025-05-04T15:12:49 CEST" skipped="0">
  <testcase classname="de.learnlib.oracle.emptiness.MealyBFEmptinessOracleTest" name="testGetMultiplier" time="0.005"/>
  <testcase classname="de.learnlib.oracle.emptiness.MealyBFEmptinessOracleTest" name="testFindCounterExample" time="0.061"/>
  <testcase classname="de.learnlib.oracle.emptiness.MealyBFEmptinessOracleTest" name="testAddWord" time="0.004"/>
  <testcase classname="de.learnlib.oracle.emptiness.MealyBFEmptinessOracleTest" name="testPre" time="0.005"/>
  <testcase classname="de.learnlib.oracle.emptiness.MealyBFEmptinessOracleTest" name="testNextInput" time="0.007"/>
  <testcase classname="de.learnlib.oracle.emptiness.MealyBFEmptinessOracleTest" name="testIsCounterExample" time="0.010"/>
</testsuite> <!-- de.learnlib.oracle.emptiness.MealyBFEmptinessOracleTest -->
