<?xml version="1.0" encoding="UTF-8"?>
<!-- Generated by org.testng.reporters.JUnitReportReporter -->
<testsuite hostname="asus" failures="0" tests="2" name="de.learnlib.algorithm.observationpack.DTVisualizationTest" time="0.012" errors="0" timestamp="2025-05-04T15:12:13 CEST" skipped="0">
  <testcase classname="de.learnlib.algorithm.observationpack.DTVisualizationTest" name="testVisualizeDT" time="0.010"/>
  <testcase classname="de.learnlib.algorithm.observationpack.DTVisualizationTest" name="testVisualizeHyp" time="0.002"/>
</testsuite> <!-- de.learnlib.algorithm.observationpack.DTVisualizationTest -->
