<?xml version="1.0" encoding="UTF-8"?>
<!-- Generated by org.testng.reporters.JUnitReportReporter -->
<testsuite hostname="asus" failures="0" tests="2" name="de.learnlib.algorithm.observationpack.OPLearnerMooreGrowingAlphabetTest" time="0.006" errors="0" timestamp="2025-05-04T15:12:13 CEST" skipped="0">
  <testcase classname="de.learnlib.algorithm.observationpack.OPLearnerMooreGrowingAlphabetTest" name="testGrowingAlphabet" time="0.006"/>
  <testcase classname="de.learnlib.algorithm.observationpack.OPLearnerMooreGrowingAlphabetTest" name="testInitialAlphabet" time="0.000"/>
</testsuite> <!-- de.learnlib.algorithm.observationpack.OPLearnerMooreGrowingAlphabetTest -->
