<?xml version="1.0" encoding="UTF-8"?>
<!-- Generated by org.testng.reporters.JUnitReportReporter -->
<testsuite hostname="asus" failures="0" tests="1" name="de.learnlib.algorithm.observationpack.OPLearnerMooreResumableLearnerTest" time="0.789" errors="0" timestamp="2025-05-04T15:12:13 CEST" skipped="0">
  <testcase classname="de.learnlib.algorithm.observationpack.OPLearnerMooreResumableLearnerTest" name="testSuspendAndResumeLearner" time="0.789"/>
</testsuite> <!-- de.learnlib.algorithm.observationpack.OPLearnerMooreResumableLearnerTest -->
