<?xml version="1.0" encoding="UTF-8"?>
<!-- Generated by org.testng.reporters.JUnitReportReporter -->
<testsuite hostname="asus" failures="0" tests="7" name="de.learnlib.filter.reuse.test.ReuseOracleTest" time="0.033" errors="0" timestamp="2025-05-04T17:32:17 CEST" skipped="0">
  <testcase classname="de.learnlib.filter.reuse.test.ReuseOracleTest" name="testReusePossible" time="0.016"/>
  <testcase classname="de.learnlib.filter.reuse.test.ReuseOracleTest" name="testTreeIsAbleToCache" time="0.004"/>
  <testcase classname="de.learnlib.filter.reuse.test.ReuseOracleTest" name="testConflictException" time="0.009"/>
  <testcase classname="de.learnlib.filter.reuse.test.ReuseOracleTest" name="testTreeDoesNotPump" time="0.001"/>
  <testcase classname="de.learnlib.filter.reuse.test.ReuseOracleTest" name="testTreeIsEmpty" time="0.000"/>
  <testcase classname="de.learnlib.filter.reuse.test.ReuseOracleTest" name="testReusePossibleWithInvalidation" time="0.000"/>
  <testcase classname="de.learnlib.filter.reuse.test.ReuseOracleTest" name="testNoReusePossible" time="0.003"/>
</testsuite> <!-- de.learnlib.filter.reuse.test.ReuseOracleTest -->
