<?xml version="1.0" encoding="UTF-8"?>
<!-- Generated by org.testng.reporters.JUnitReportReporter -->
<testsuite hostname="asus" failures="0" tests="3" name="de.learnlib.filter.reuse.test.DomainKnowledgeTest" time="0.004" errors="0" timestamp="2025-05-04T17:32:17 CEST" skipped="0">
  <testcase classname="de.learnlib.filter.reuse.test.DomainKnowledgeTest" name="testReuseNodePrefixWhileReusing" time="0.002"/>
  <testcase classname="de.learnlib.filter.reuse.test.DomainKnowledgeTest" name="testPumpSymbolsComplex" time="0.001"/>
  <testcase classname="de.learnlib.filter.reuse.test.DomainKnowledgeTest" name="testPumpSymbolsSimple" time="0.001"/>
</testsuite> <!-- de.learnlib.filter.reuse.test.DomainKnowledgeTest -->
