<?xml version="1.0" encoding="UTF-8"?>
<!-- Generated by org.testng.reporters.JUnitReportReporter -->
<testsuite hostname="asus" failures="0" tests="1" name="de.learnlib.filter.reuse.test.QuiescenceTest" time="0.003" errors="0" timestamp="2025-05-04T17:32:17 CEST" skipped="0">
  <testcase classname="de.learnlib.filter.reuse.test.QuiescenceTest" name="simpleTest" time="0.003"/>
</testsuite> <!-- de.learnlib.filter.reuse.test.QuiescenceTest -->
