<?xml version="1.0" encoding="UTF-8"?>
<!-- Generated by org.testng.reporters.JUnitReportReporter -->
<testsuite hostname="asus" failures="0" tests="2" name="de.learnlib.algorithm.lstar.ExtensibleLStarMealyGrowingAlphabetTest" time="0.004" errors="0" timestamp="2025-05-04T15:12:11 CEST" skipped="0">
  <testcase classname="de.learnlib.algorithm.lstar.ExtensibleLStarMealyGrowingAlphabetTest" name="testGrowingAlphabet" time="0.004"/>
  <testcase classname="de.learnlib.algorithm.lstar.ExtensibleLStarMealyGrowingAlphabetTest" name="testInitialAlphabet" time="0.000"/>
</testsuite> <!-- de.learnlib.algorithm.lstar.ExtensibleLStarMealyGrowingAlphabetTest -->
