<?xml version="1.0" encoding="UTF-8"?>
<!-- Generated by org.testng.reporters.JUnitReportReporter -->
<testsuite hostname="asus" failures="0" tests="2" name="de.learnlib.algorithm.malerpnueli.MalerPnueliMealyGrowingAlphabetTest" time="0.004" errors="0" timestamp="2025-05-04T15:12:11 CEST" skipped="0">
  <testcase classname="de.learnlib.algorithm.malerpnueli.MalerPnueliMealyGrowingAlphabetTest" name="testGrowingAlphabet" time="0.003"/>
  <testcase classname="de.learnlib.algorithm.malerpnueli.MalerPnueliMealyGrowingAlphabetTest" name="testInitialAlphabet" time="0.001"/>
</testsuite> <!-- de.learnlib.algorithm.malerpnueli.MalerPnueliMealyGrowingAlphabetTest -->
