<?xml version="1.0" encoding="UTF-8"?>
<!-- Generated by org.testng.reporters.JUnitReportReporter -->
<testsuite hostname="asus" failures="0" tests="2" name="de.learnlib.algorithm.lstar.ExtensibleLStarDFAGrowingAlphabetTest" time="0.008" errors="0" timestamp="2025-05-04T15:12:11 CEST" skipped="0">
  <testcase classname="de.learnlib.algorithm.lstar.ExtensibleLStarDFAGrowingAlphabetTest" name="testGrowingAlphabet" time="0.007"/>
  <testcase classname="de.learnlib.algorithm.lstar.ExtensibleLStarDFAGrowingAlphabetTest" name="testInitialAlphabet" time="0.001"/>
</testsuite> <!-- de.learnlib.algorithm.lstar.ExtensibleLStarDFAGrowingAlphabetTest -->
