<?xml version="1.0" encoding="UTF-8"?>
<!-- Generated by org.testng.reporters.JUnitReportReporter -->
<testsuite hostname="asus" failures="0" tests="10" name="de.learnlib.filter.cache.moore.MooreTreeCacheTest" time="0.512" errors="0" timestamp="2025-05-04T17:32:15 CEST" skipped="0">
  <testcase classname="de.learnlib.filter.cache.moore.MooreTreeCacheTest" name="testAddSymbol" time="0.001"/>
  <testcase classname="de.learnlib.filter.cache.moore.MooreTreeCacheTest" name="testPrefix" time="0.000"/>
  <testcase classname="de.learnlib.filter.cache.moore.MooreTreeCacheTest" name="testTwoQueriesOneDuplicate" time="0.001"/>
  <testcase classname="de.learnlib.filter.cache.moore.MooreTreeCacheTest" name="testFirstDuplicate" time="0.000"/>
  <testcase classname="de.learnlib.filter.cache.moore.MooreTreeCacheTest" name="testDuplicatesInBatch" time="0.000"/>
  <testcase classname="de.learnlib.filter.cache.moore.MooreTreeCacheTest" name="testResuming" time="0.506"/>
  <testcase classname="de.learnlib.filter.cache.moore.MooreTreeCacheTest" name="testOneNewQuery" time="0.001"/>
  <testcase classname="de.learnlib.filter.cache.moore.MooreTreeCacheTest" name="testCacheConsistency" time="0.001"/>
  <testcase classname="de.learnlib.filter.cache.moore.MooreTreeCacheTest" name="testFirstQuery" time="0.002"/>
  <testcase classname="de.learnlib.filter.cache.moore.MooreTreeCacheTest" name="testNoQueriesReceived" time="0.000"/>
</testsuite> <!-- de.learnlib.filter.cache.moore.MooreTreeCacheTest -->
