<?xml version="1.0" encoding="UTF-8"?>
<!-- Generated by org.testng.reporters.JUnitReportReporter -->
<testsuite hostname="asus" failures="0" tests="12" name="de.learnlib.filter.cache.mealy.MealyParallelCacheTest" time="0.050" errors="0" timestamp="2025-05-04T17:32:15 CEST" skipped="0">
  <testcase classname="de.learnlib.filter.cache.mealy.MealyParallelCacheTest" name="testConcurrentMembershipQueries" time="0.005"/>
  <testcase classname="de.learnlib.filter.cache.mealy.MealyParallelCacheTest" name="testConcurrentEquivalenceQueries" time="0.003"/>
  <testcase classname="de.learnlib.filter.cache.mealy.MealyParallelCacheTest" name="testConcurrentEquivalenceQueries" time="0.003"/>
  <testcase classname="de.learnlib.filter.cache.mealy.MealyParallelCacheTest" name="testConcurrentMembershipQueries" time="0.004"/>
  <testcase classname="de.learnlib.filter.cache.mealy.MealyParallelCacheTest" name="testConcurrentEquivalenceQueries" time="0.004"/>
  <testcase classname="de.learnlib.filter.cache.mealy.MealyParallelCacheTest" name="testConcurrentMembershipQueries" time="0.003"/>
  <testcase classname="de.learnlib.filter.cache.mealy.MealyParallelCacheTest" name="testConcurrentMembershipQueries" time="0.004"/>
  <testcase classname="de.learnlib.filter.cache.mealy.MealyParallelCacheTest" name="testConcurrentMembershipQueries" time="0.005"/>
  <testcase classname="de.learnlib.filter.cache.mealy.MealyParallelCacheTest" name="testConcurrentMembershipQueries" time="0.003"/>
  <testcase classname="de.learnlib.filter.cache.mealy.MealyParallelCacheTest" name="testConcurrentEquivalenceQueries" time="0.004"/>
  <testcase classname="de.learnlib.filter.cache.mealy.MealyParallelCacheTest" name="testConcurrentEquivalenceQueries" time="0.005"/>
  <testcase classname="de.learnlib.filter.cache.mealy.MealyParallelCacheTest" name="testConcurrentEquivalenceQueries" time="0.007"/>
</testsuite> <!-- de.learnlib.filter.cache.mealy.MealyParallelCacheTest -->
