<?xml version="1.0" encoding="UTF-8"?>
<!-- Generated by org.testng.reporters.JUnitReportReporter -->
<testsuite hostname="asus" failures="0" tests="12" name="de.learnlib.filter.cache.dfa.DFAParallelCacheTest" time="0.060" errors="0" timestamp="2025-05-04T17:32:15 CEST" skipped="0">
  <testcase classname="de.learnlib.filter.cache.dfa.DFAParallelCacheTest" name="testConcurrentMembershipQueries" time="0.006"/>
  <testcase classname="de.learnlib.filter.cache.dfa.DFAParallelCacheTest" name="testConcurrentEquivalenceQueries" time="0.010"/>
  <testcase classname="de.learnlib.filter.cache.dfa.DFAParallelCacheTest" name="testConcurrentEquivalenceQueries" time="0.005"/>
  <testcase classname="de.learnlib.filter.cache.dfa.DFAParallelCacheTest" name="testConcurrentEquivalenceQueries" time="0.005"/>
  <testcase classname="de.learnlib.filter.cache.dfa.DFAParallelCacheTest" name="testConcurrentMembershipQueries" time="0.003"/>
  <testcase classname="de.learnlib.filter.cache.dfa.DFAParallelCacheTest" name="testConcurrentEquivalenceQueries" time="0.005"/>
  <testcase classname="de.learnlib.filter.cache.dfa.DFAParallelCacheTest" name="testConcurrentEquivalenceQueries" time="0.004"/>
  <testcase classname="de.learnlib.filter.cache.dfa.DFAParallelCacheTest" name="testConcurrentEquivalenceQueries" time="0.003"/>
  <testcase classname="de.learnlib.filter.cache.dfa.DFAParallelCacheTest" name="testConcurrentMembershipQueries" time="0.009"/>
  <testcase classname="de.learnlib.filter.cache.dfa.DFAParallelCacheTest" name="testConcurrentMembershipQueries" time="0.003"/>
  <testcase classname="de.learnlib.filter.cache.dfa.DFAParallelCacheTest" name="testConcurrentMembershipQueries" time="0.004"/>
  <testcase classname="de.learnlib.filter.cache.dfa.DFAParallelCacheTest" name="testConcurrentMembershipQueries" time="0.003"/>
</testsuite> <!-- de.learnlib.filter.cache.dfa.DFAParallelCacheTest -->
