<?xml version="1.0" encoding="UTF-8"?>
<!-- Generated by org.testng.reporters.JUnitReportReporter -->
<testsuite hostname="asus" failures="0" tests="10" name="de.learnlib.filter.cache.mealy.DynamicMealyTreeCacheTest" time="0.038" errors="0" timestamp="2025-05-04T17:32:15 CEST" skipped="0">
  <testcase classname="de.learnlib.filter.cache.mealy.DynamicMealyTreeCacheTest" name="testCacheConsistency" time="0.000"/>
  <testcase classname="de.learnlib.filter.cache.mealy.DynamicMealyTreeCacheTest" name="testFirstQuery" time="0.001"/>
  <testcase classname="de.learnlib.filter.cache.mealy.DynamicMealyTreeCacheTest" name="testNoQueriesReceived" time="0.000"/>
  <testcase classname="de.learnlib.filter.cache.mealy.DynamicMealyTreeCacheTest" name="testResuming" time="0.035"/>
  <testcase classname="de.learnlib.filter.cache.mealy.DynamicMealyTreeCacheTest" name="testFirstDuplicate" time="0.000"/>
  <testcase classname="de.learnlib.filter.cache.mealy.DynamicMealyTreeCacheTest" name="testPrefix" time="0.001"/>
  <testcase classname="de.learnlib.filter.cache.mealy.DynamicMealyTreeCacheTest" name="testDuplicatesInBatch" time="0.000"/>
  <testcase classname="de.learnlib.filter.cache.mealy.DynamicMealyTreeCacheTest" name="testAddSymbol" time="0.000"/>
  <testcase classname="de.learnlib.filter.cache.mealy.DynamicMealyTreeCacheTest" name="testOneNewQuery" time="0.000"/>
  <testcase classname="de.learnlib.filter.cache.mealy.DynamicMealyTreeCacheTest" name="testTwoQueriesOneDuplicate" time="0.001"/>
</testsuite> <!-- de.learnlib.filter.cache.mealy.DynamicMealyTreeCacheTest -->
