<?xml version="1.0" encoding="UTF-8"?>
<!-- Generated by org.testng.reporters.JUnitReportReporter -->
<testsuite hostname="asus" failures="0" tests="10" name="de.learnlib.filter.cache.mealy.MealyTreeCacheTest" time="0.003" errors="0" timestamp="2025-05-04T17:32:15 CEST" skipped="0">
  <testcase classname="de.learnlib.filter.cache.mealy.MealyTreeCacheTest" name="testDuplicatesInBatch" time="0.001"/>
  <testcase classname="de.learnlib.filter.cache.mealy.MealyTreeCacheTest" name="testFirstQuery" time="0.000"/>
  <testcase classname="de.learnlib.filter.cache.mealy.MealyTreeCacheTest" name="testFirstDuplicate" time="0.000"/>
  <testcase classname="de.learnlib.filter.cache.mealy.MealyTreeCacheTest" name="testCacheConsistency" time="0.000"/>
  <testcase classname="de.learnlib.filter.cache.mealy.MealyTreeCacheTest" name="testOneNewQuery" time="0.001"/>
  <testcase classname="de.learnlib.filter.cache.mealy.MealyTreeCacheTest" name="testPrefix" time="0.000"/>
  <testcase classname="de.learnlib.filter.cache.mealy.MealyTreeCacheTest" name="testNoQueriesReceived" time="0.000"/>
  <testcase classname="de.learnlib.filter.cache.mealy.MealyTreeCacheTest" name="testAddSymbol" time="0.000"/>
  <testcase classname="de.learnlib.filter.cache.mealy.MealyTreeCacheTest" name="testResuming" time="0.001"/>
  <testcase classname="de.learnlib.filter.cache.mealy.MealyTreeCacheTest" name="testTwoQueriesOneDuplicate" time="0.000"/>
</testsuite> <!-- de.learnlib.filter.cache.mealy.MealyTreeCacheTest -->
