<?xml version="1.0" encoding="UTF-8"?>
<!-- Generated by org.testng.reporters.JUnitReportReporter -->
<testsuite hostname="asus" failures="0" tests="11" name="de.learnlib.filter.cache.sul.StateLocalInputSULTreeCacheTest" time="0.089" errors="0" timestamp="2025-05-04T17:32:15 CEST" skipped="0">
  <testcase classname="de.learnlib.filter.cache.sul.StateLocalInputSULTreeCacheTest" name="testFirstDuplicate" time="0.000"/>
  <testcase classname="de.learnlib.filter.cache.sul.StateLocalInputSULTreeCacheTest" name="testNoQueriesReceived" time="0.000"/>
  <testcase classname="de.learnlib.filter.cache.sul.StateLocalInputSULTreeCacheTest" name="testFirstQuery" time="0.004"/>
  <testcase classname="de.learnlib.filter.cache.sul.StateLocalInputSULTreeCacheTest" name="testTwoQueriesOneDuplicate" time="0.001"/>
  <testcase classname="de.learnlib.filter.cache.sul.StateLocalInputSULTreeCacheTest" name="testCacheConsistency" time="0.000"/>
  <testcase classname="de.learnlib.filter.cache.sul.StateLocalInputSULTreeCacheTest" name="testDuplicatesInBatch" time="0.000"/>
  <testcase classname="de.learnlib.filter.cache.sul.StateLocalInputSULTreeCacheTest" name="testOneNewQuery" time="0.000"/>
  <testcase classname="de.learnlib.filter.cache.sul.StateLocalInputSULTreeCacheTest" name="testAddSymbol" time="0.000"/>
  <testcase classname="de.learnlib.filter.cache.sul.StateLocalInputSULTreeCacheTest" name="testPrefix" time="0.000"/>
  <testcase classname="de.learnlib.filter.cache.sul.StateLocalInputSULTreeCacheTest" name="testResuming" time="0.084"/>
  <testcase classname="de.learnlib.filter.cache.sul.StateLocalInputSULTreeCacheTest" name="testQueryWithNoContainedAlphabetSymbol" time="0.000"/>
</testsuite> <!-- de.learnlib.filter.cache.sul.StateLocalInputSULTreeCacheTest -->
