<?xml version="1.0" encoding="UTF-8"?>
<!-- Generated by org.testng.reporters.JUnitReportReporter -->
<testsuite hostname="asus" failures="0" tests="6" name="de.learnlib.filter.cache.sul.SULParallelCacheTest" time="0.076" errors="0" timestamp="2025-05-04T17:32:15 CEST" skipped="0">
  <testcase classname="de.learnlib.filter.cache.sul.SULParallelCacheTest" name="testConcurrentMembershipQueries" time="0.008"/>
  <testcase classname="de.learnlib.filter.cache.sul.SULParallelCacheTest" name="testConcurrentMembershipQueries" time="0.014"/>
  <testcase classname="de.learnlib.filter.cache.sul.SULParallelCacheTest" name="testConcurrentEquivalenceQueries" time="0.020"/>
  <testcase classname="de.learnlib.filter.cache.sul.SULParallelCacheTest" name="testConcurrentEquivalenceQueries" time="0.016"/>
  <testcase classname="de.learnlib.filter.cache.sul.SULParallelCacheTest" name="testConcurrentMembershipQueries" time="0.008"/>
  <testcase classname="de.learnlib.filter.cache.sul.SULParallelCacheTest" name="testConcurrentEquivalenceQueries" time="0.010"/>
</testsuite> <!-- de.learnlib.filter.cache.sul.SULParallelCacheTest -->
