<?xml version="1.0" encoding="UTF-8"?>
<!-- Generated by org.testng.reporters.JUnitReportReporter -->
<testsuite hostname="asus" failures="0" tests="4" name="de.learnlib.filter.cache.sul.SLISULParallelCacheTest" time="0.048" errors="0" timestamp="2025-05-04T17:32:15 CEST" skipped="0">
  <testcase classname="de.learnlib.filter.cache.sul.SLISULParallelCacheTest" name="testConcurrentEquivalenceQueries" time="0.016"/>
  <testcase classname="de.learnlib.filter.cache.sul.SLISULParallelCacheTest" name="testConcurrentEquivalenceQueries" time="0.016"/>
  <testcase classname="de.learnlib.filter.cache.sul.SLISULParallelCacheTest" name="testConcurrentMembershipQueries" time="0.006"/>
  <testcase classname="de.learnlib.filter.cache.sul.SLISULParallelCacheTest" name="testConcurrentMembershipQueries" time="0.010"/>
</testsuite> <!-- de.learnlib.filter.cache.sul.SLISULParallelCacheTest -->
