<?xml version="1.0" encoding="UTF-8"?>
<!-- Generated by org.testng.reporters.JUnitReportReporter -->
<testsuite hostname="asus" failures="0" tests="1" name="de.learnlib.filter.cache.InterningMembershipOracleTest" time="0.018" errors="0" timestamp="2025-05-04T17:32:15 CEST" skipped="0">
  <testcase classname="de.learnlib.filter.cache.InterningMembershipOracleTest" name="testInterning" time="0.018"/>
</testsuite> <!-- de.learnlib.filter.cache.InterningMembershipOracleTest -->
