<?xml version="1.0" encoding="UTF-8"?>
<!-- Generated by org.testng.reporters.JUnitReportReporter -->
<testsuite hostname="asus" failures="0" tests="8" name="de.learnlib.filter.cache.moore.MooreParallelCacheTest" time="0.096" errors="0" timestamp="2025-05-04T17:32:15 CEST" skipped="0">
  <testcase classname="de.learnlib.filter.cache.moore.MooreParallelCacheTest" name="testConcurrentEquivalenceQueries" time="0.009"/>
  <testcase classname="de.learnlib.filter.cache.moore.MooreParallelCacheTest" name="testConcurrentEquivalenceQueries" time="0.008"/>
  <testcase classname="de.learnlib.filter.cache.moore.MooreParallelCacheTest" name="testConcurrentEquivalenceQueries" time="0.013"/>
  <testcase classname="de.learnlib.filter.cache.moore.MooreParallelCacheTest" name="testConcurrentMembershipQueries" time="0.028"/>
  <testcase classname="de.learnlib.filter.cache.moore.MooreParallelCacheTest" name="testConcurrentMembershipQueries" time="0.008"/>
  <testcase classname="de.learnlib.filter.cache.moore.MooreParallelCacheTest" name="testConcurrentMembershipQueries" time="0.010"/>
  <testcase classname="de.learnlib.filter.cache.moore.MooreParallelCacheTest" name="testConcurrentEquivalenceQueries" time="0.010"/>
  <testcase classname="de.learnlib.filter.cache.moore.MooreParallelCacheTest" name="testConcurrentMembershipQueries" time="0.010"/>
</testsuite> <!-- de.learnlib.filter.cache.moore.MooreParallelCacheTest -->
