<?xml version="1.0" encoding="UTF-8"?>
<!-- Generated by org.testng.reporters.JUnitReportReporter -->
<testsuite hostname="asus" failures="0" tests="10" name="de.learnlib.filter.cache.mealy.AdaptiveQueryCacheTest" time="0.053" errors="0" timestamp="2025-05-04T17:32:15 CEST" skipped="1">
  <testcase classname="de.learnlib.filter.cache.mealy.AdaptiveQueryCacheTest" name="testPrefix" time="0.000"/>
  <testcase classname="de.learnlib.filter.cache.mealy.AdaptiveQueryCacheTest" name="testNoQueriesReceived" time="0.000"/>
  <testcase classname="de.learnlib.filter.cache.mealy.AdaptiveQueryCacheTest" name="testCacheConsistency" time="0.002"/>
  <testcase classname="de.learnlib.filter.cache.mealy.AdaptiveQueryCacheTest" name="testAddSymbol" time="0.000"/>
  <testcase classname="de.learnlib.filter.cache.mealy.AdaptiveQueryCacheTest" name="testFirstQuery" time="0.002"/>
  <testcase classname="de.learnlib.filter.cache.mealy.AdaptiveQueryCacheTest" name="testResuming" time="0.047"/>
  <testcase classname="de.learnlib.filter.cache.mealy.AdaptiveQueryCacheTest" name="testFirstDuplicate" time="0.000"/>
  <testcase classname="de.learnlib.filter.cache.mealy.AdaptiveQueryCacheTest" name="testTwoQueriesOneDuplicate" time="0.001"/>
  <testcase classname="de.learnlib.filter.cache.mealy.AdaptiveQueryCacheTest" name="testOneNewQuery" time="0.001"/>
  <testcase classname="de.learnlib.filter.cache.mealy.AdaptiveQueryCacheTest" name="testDuplicatesInBatch">
    <skipped/>
  </testcase> <!-- testDuplicatesInBatch -->
</testsuite> <!-- de.learnlib.filter.cache.mealy.AdaptiveQueryCacheTest -->
