<?xml version="1.0" encoding="UTF-8"?>
<!-- Generated by org.testng.reporters.JUnitReportReporter -->
<testsuite hostname="asus" failures="0" tests="10" name="de.learnlib.filter.cache.sul.SULDAGCacheTest" time="0.104" errors="0" timestamp="2025-05-04T17:32:15 CEST" skipped="0">
  <testcase classname="de.learnlib.filter.cache.sul.SULDAGCacheTest" name="testFirstQuery" time="0.000"/>
  <testcase classname="de.learnlib.filter.cache.sul.SULDAGCacheTest" name="testNoQueriesReceived" time="0.000"/>
  <testcase classname="de.learnlib.filter.cache.sul.SULDAGCacheTest" name="testPrefix" time="0.000"/>
  <testcase classname="de.learnlib.filter.cache.sul.SULDAGCacheTest" name="testFirstDuplicate" time="0.001"/>
  <testcase classname="de.learnlib.filter.cache.sul.SULDAGCacheTest" name="testAddSymbol" time="0.001"/>
  <testcase classname="de.learnlib.filter.cache.sul.SULDAGCacheTest" name="testDuplicatesInBatch" time="0.000"/>
  <testcase classname="de.learnlib.filter.cache.sul.SULDAGCacheTest" name="testCacheConsistency" time="0.001"/>
  <testcase classname="de.learnlib.filter.cache.sul.SULDAGCacheTest" name="testResuming" time="0.100"/>
  <testcase classname="de.learnlib.filter.cache.sul.SULDAGCacheTest" name="testOneNewQuery" time="0.001"/>
  <testcase classname="de.learnlib.filter.cache.sul.SULDAGCacheTest" name="testTwoQueriesOneDuplicate" time="0.000"/>
</testsuite> <!-- de.learnlib.filter.cache.sul.SULDAGCacheTest -->
