<?xml version="1.0" encoding="UTF-8"?>
<!-- Generated by org.testng.reporters.JUnitReportReporter -->
<testsuite hostname="asus" failures="0" tests="7" name="de.learnlib.algorithm.ostia.OSTIATest" time="0.437" errors="0" timestamp="2025-05-04T15:12:41 CEST" skipped="0">
  <testcase classname="de.learnlib.algorithm.ostia.OSTIATest" name="testEquivalence" time="0.085"/>
  <testcase classname="de.learnlib.algorithm.ostia.OSTIATest" name="testStaticInvocation" time="0.004"/>
  <testcase classname="de.learnlib.algorithm.ostia.OSTIATest" name="testEquivalence" time="0.105"/>
  <testcase classname="de.learnlib.algorithm.ostia.OSTIATest" name="testEquivalence" time="0.192"/>
  <testcase classname="de.learnlib.algorithm.ostia.OSTIATest" name="testInconsistentSamples" time="0.001"/>
  <testcase classname="de.learnlib.algorithm.ostia.OSTIATest" name="testEquivalence" time="0.042"/>
  <testcase classname="de.learnlib.algorithm.ostia.OSTIATest" name="testVisualization" time="0.008"/>
</testsuite> <!-- de.learnlib.algorithm.ostia.OSTIATest -->
