<?xml version="1.0" encoding="UTF-8"?>
<!-- Generated by org.testng.reporters.JUnitReportReporter -->
<testsuite hostname="asus" failures="0" tests="5" name="de.learnlib.algorithm.dhc.mealy.MealyDHCTest" time="0.097" errors="0" timestamp="2025-05-04T15:12:33 CEST" skipped="0">
  <testcase classname="de.learnlib.algorithm.dhc.mealy.MealyDHCTest" name="testMealyDHCInternalSate" time="0.001"/>
  <testcase classname="de.learnlib.algorithm.dhc.mealy.MealyDHCTest" name="testMealyDHCCoffee" time="0.040"/>
  <testcase classname="de.learnlib.algorithm.dhc.mealy.MealyDHCTest" name="testMealyDHCStack" time="0.001"/>
  <testcase classname="de.learnlib.algorithm.dhc.mealy.MealyDHCTest" name="testMealyDHCRandom" time="0.048"/>
  <testcase classname="de.learnlib.algorithm.dhc.mealy.MealyDHCTest" name="testMealyDHCGrid" time="0.007"/>
</testsuite> <!-- de.learnlib.algorithm.dhc.mealy.MealyDHCTest -->
