<?xml version="1.0" encoding="UTF-8"?>
<!-- Generated by org.testng.reporters.JUnitReportReporter -->
<testsuite hostname="asus" failures="0" tests="1" name="de.learnlib.algorithm.dhc.mealy.MealyDHCResumableLearnerTest" time="0.690" errors="0" timestamp="2025-05-04T15:12:33 CEST" skipped="0">
  <testcase classname="de.learnlib.algorithm.dhc.mealy.MealyDHCResumableLearnerTest" name="testSuspendAndResumeLearner" time="0.690"/>
</testsuite> <!-- de.learnlib.algorithm.dhc.mealy.MealyDHCResumableLearnerTest -->
