<?xml version="1.0" encoding="UTF-8"?>
<testsuite xmlns:xsi="http://www.w3.org/2001/XMLSchema-instance" xsi:noNamespaceSchemaLocation="https://maven.apache.org/surefire/maven-surefire-plugin/xsd/surefire-test-report.xsd" version="3.0.2" name="TestSuite" time="2.917" tests="213" errors="0" skipped="0" failures="0">
  <properties>
    <property name="java.specification.version" value="17"/>
    <property name="sun.jnu.encoding" value="UTF-8"/>
    <property name="java.class.path" value="/home/michal/Documents/edu/studia2/learnlib/filters/cache/target/test-classes:/home/michal/.m2/repository/de/learnlib/learnlib-drivers-simulator/0.19.0-SNAPSHOT/learnlib-drivers-simulator-0.19.0-SNAPSHOT.jar:/home/michal/Documents/edu/studia2/learnlib/filters/statistics/target/learnlib-statistics-0.19.0-SNAPSHOT.jar:/home/michal/.m2/repository/de/learnlib/testsupport/learnlib-test-support/0.19.0-SNAPSHOT/learnlib-test-support-0.19.0-SNAPSHOT.jar:/home/michal/.m2/repository/de/learnlib/testsupport/learnlib-learning-examples/0.19.0-SNAPSHOT/learnlib-learning-examples-0.19.0-SNAPSHOT.jar:/home/michal/.m2/repository/net/automatalib/automata-serialization-learnlibv2/0.12.0/automata-serialization-learnlibv2-0.12.0.jar:/home/michal/.m2/repository/org/apache/fury/fury-core/0.9.0/fury-core-0.9.0.jar:/home/michal/.m2/repository/com/google/guava/guava/33.4.0-jre/guava-33.4.0-jre.jar:/home/michal/.m2/repository/com/google/guava/failureaccess/1.0.2/failureaccess-1.0.2.jar:/home/michal/.m2/repository/com/google/guava/listenablefuture/9999.0-empty-to-avoid-conflict-with-guava/listenablefuture-9999.0-empty-to-avoid-conflict-with-guava.jar:/home/michal/.m2/repository/com/google/code/findbugs/jsr305/3.0.2/jsr305-3.0.2.jar:/home/michal/.m2/repository/com/google/errorprone/error_prone_annotations/2.36.0/error_prone_annotations-2.36.0.jar:/home/michal/.m2/repository/com/google/j2objc/j2objc-annotations/3.0.0/j2objc-annotations-3.0.0.jar:/home/michal/.m2/repository/org/mockito/mockito-core/5.14.2/mockito-core-5.14.2.jar:/home/michal/.m2/repository/net/bytebuddy/byte-buddy/1.15.4/byte-buddy-1.15.4.jar:/home/michal/.m2/repository/net/bytebuddy/byte-buddy-agent/1.15.4/byte-buddy-agent-1.15.4.jar:/home/michal/.m2/repository/org/objenesis/objenesis/3.3/objenesis-3.3.jar:/home/michal/.m2/repository/de/learnlib/learnlib-util/0.19.0-SNAPSHOT/learnlib-util-0.19.0-SNAPSHOT.jar:/home/michal/.m2/repository/org/testng/testng/7.10.2/testng-7.10.2.jar:/home/michal/.m2/repository/com/beust/jcommander/1.82/jcommander-1.82.jar:/home/michal/.m2/repository/org/webjars/jquery/3.7.1/jquery-3.7.1.jar:"/>
    <property name="java.vm.vendor" value="Ubuntu"/>
    <property name="sun.arch.data.model" value="64"/>
    <property name="java.vendor.url" value="https://ubuntu.com/"/>
    <property name="user.timezone" value="Europe/Warsaw"/>
    <property name="os.name" value="Linux"/>
    <property name="java.vm.specification.version" value="17"/>
    <property name="sun.java.launcher" value="SUN_STANDARD"/>
    <property name="user.country" value="US"/>
    <property name="sun.boot.library.path" value="/usr/lib/jvm/java-17-openjdk-amd64/lib"/>
    <property name="sun.java.command" value="org.apache.maven.surefire.booter.ForkedBooter /home/michal/Documents/edu/studia2/learnlib/filters/cache/target/surefire 2025-05-04T17-32-06_897-jvmRun1 surefire-20250504173211997_5tmp surefire_1-20250504173211997_6tmp"/>
    <property name="jdk.debug" value="release"/>
    <property name="surefire.test.class.path" value="/home/michal/Documents/edu/studia2/learnlib/filters/cache/target/test-classes:/home/michal/.m2/repository/de/learnlib/learnlib-drivers-simulator/0.19.0-SNAPSHOT/learnlib-drivers-simulator-0.19.0-SNAPSHOT.jar:/home/michal/Documents/edu/studia2/learnlib/filters/statistics/target/learnlib-statistics-0.19.0-SNAPSHOT.jar:/home/michal/.m2/repository/de/learnlib/testsupport/learnlib-test-support/0.19.0-SNAPSHOT/learnlib-test-support-0.19.0-SNAPSHOT.jar:/home/michal/.m2/repository/de/learnlib/testsupport/learnlib-learning-examples/0.19.0-SNAPSHOT/learnlib-learning-examples-0.19.0-SNAPSHOT.jar:/home/michal/.m2/repository/net/automatalib/automata-serialization-learnlibv2/0.12.0/automata-serialization-learnlibv2-0.12.0.jar:/home/michal/.m2/repository/org/apache/fury/fury-core/0.9.0/fury-core-0.9.0.jar:/home/michal/.m2/repository/com/google/guava/guava/33.4.0-jre/guava-33.4.0-jre.jar:/home/michal/.m2/repository/com/google/guava/failureaccess/1.0.2/failureaccess-1.0.2.jar:/home/michal/.m2/repository/com/google/guava/listenablefuture/9999.0-empty-to-avoid-conflict-with-guava/listenablefuture-9999.0-empty-to-avoid-conflict-with-guava.jar:/home/michal/.m2/repository/com/google/code/findbugs/jsr305/3.0.2/jsr305-3.0.2.jar:/home/michal/.m2/repository/com/google/errorprone/error_prone_annotations/2.36.0/error_prone_annotations-2.36.0.jar:/home/michal/.m2/repository/com/google/j2objc/j2objc-annotations/3.0.0/j2objc-annotations-3.0.0.jar:/home/michal/.m2/repository/org/mockito/mockito-core/5.14.2/mockito-core-5.14.2.jar:/home/michal/.m2/repository/net/bytebuddy/byte-buddy/1.15.4/byte-buddy-1.15.4.jar:/home/michal/.m2/repository/net/bytebuddy/byte-buddy-agent/1.15.4/byte-buddy-agent-1.15.4.jar:/home/michal/.m2/repository/org/objenesis/objenesis/3.3/objenesis-3.3.jar:/home/michal/.m2/repository/de/learnlib/learnlib-util/0.19.0-SNAPSHOT/learnlib-util-0.19.0-SNAPSHOT.jar:/home/michal/.m2/repository/org/testng/testng/7.10.2/testng-7.10.2.jar:/home/michal/.m2/repository/com/beust/jcommander/1.82/jcommander-1.82.jar:/home/michal/.m2/repository/org/webjars/jquery/3.7.1/jquery-3.7.1.jar:"/>
    <property name="sun.cpu.endian" value="little"/>
    <property name="user.home" value="/home/michal"/>
    <property name="user.language" value="en"/>
    <property name="java.specification.vendor" value="Oracle Corporation"/>
    <property name="jdk.module.path" value="/home/michal/Documents/edu/studia2/learnlib/filters/cache/target/classes:/home/michal/.m2/repository/de/learnlib/learnlib-api/0.19.0-SNAPSHOT/learnlib-api-0.19.0-SNAPSHOT.jar:/home/michal/.m2/repository/net/automatalib/automata-api/0.12.0/automata-api-0.12.0.jar:/home/michal/.m2/repository/net/automatalib/automata-commons-settings/0.12.0/automata-commons-settings-0.12.0.jar:/home/michal/.m2/repository/net/automatalib/automata-commons-smartcollections/0.12.0/automata-commons-smartcollections-0.12.0.jar:/home/michal/.m2/repository/net/automatalib/automata-commons-util/0.12.0/automata-commons-util-0.12.0.jar:/home/michal/.m2/repository/net/automatalib/automata-core/0.12.0/automata-core-0.12.0.jar:/home/michal/.m2/repository/net/automatalib/automata-incremental/0.12.0/automata-incremental-0.12.0.jar:/home/michal/.m2/repository/net/automatalib/automata-util/0.12.0/automata-util-0.12.0.jar:/home/michal/.m2/repository/org/checkerframework/checker-qual/3.48.3/checker-qual-3.48.3.jar:/home/michal/.m2/repository/org/slf4j/slf4j-api/2.0.16/slf4j-api-2.0.16.jar:/home/michal/.m2/repository/de/learnlib/tooling/annotations/0.1.1/annotations-0.1.1.jar:/home/michal/.m2/repository/de/learnlib/learnlib-parallelism/0.19.0-SNAPSHOT/learnlib-parallelism-0.19.0-SNAPSHOT.jar:/home/michal/.m2/repository/de/learnlib/learnlib-settings/0.19.0-SNAPSHOT/learnlib-settings-0.19.0-SNAPSHOT.jar:/home/michal/.m2/repository/de/learnlib/learnlib-membership-oracles/0.19.0-SNAPSHOT/learnlib-membership-oracles-0.19.0-SNAPSHOT.jar"/>
    <property name="java.version.date" value="2025-01-21"/>
    <property name="java.home" value="/usr/lib/jvm/java-17-openjdk-amd64"/>
    <property name="file.separator" value="/"/>
    <property name="basedir" value="/home/michal/Documents/edu/studia2/learnlib/filters/cache"/>
    <property name="java.vm.compressedOopsMode" value="Zero based"/>
    <property name="line.separator" value="&#10;"/>
    <property name="java.specification.name" value="Java Platform API Specification"/>
    <property name="java.vm.specification.vendor" value="Oracle Corporation"/>
    <property name="surefire.real.class.path" value="/home/michal/.m2/repository/org/apache/maven/surefire/surefire-booter/3.5.2/surefire-booter-3.5.2.jar:/home/michal/.m2/repository/org/apache/maven/surefire/surefire-api/3.5.2/surefire-api-3.5.2.jar:/home/michal/.m2/repository/org/apache/maven/surefire/surefire-extensions-spi/3.5.2/surefire-extensions-spi-3.5.2.jar:/home/michal/.m2/repository/org/apache/maven/surefire/surefire-shared-utils/3.5.2/surefire-shared-utils-3.5.2.jar:/home/michal/.m2/repository/org/apache/maven/surefire/surefire-logger-api/3.5.2/surefire-logger-api-3.5.2.jar:/home/michal/Documents/edu/studia2/learnlib/filters/cache/target/test-classes:/home/michal/.m2/repository/de/learnlib/learnlib-drivers-simulator/0.19.0-SNAPSHOT/learnlib-drivers-simulator-0.19.0-SNAPSHOT.jar:/home/michal/Documents/edu/studia2/learnlib/filters/statistics/target/learnlib-statistics-0.19.0-SNAPSHOT.jar:/home/michal/.m2/repository/de/learnlib/testsupport/learnlib-test-support/0.19.0-SNAPSHOT/learnlib-test-support-0.19.0-SNAPSHOT.jar:/home/michal/.m2/repository/de/learnlib/testsupport/learnlib-learning-examples/0.19.0-SNAPSHOT/learnlib-learning-examples-0.19.0-SNAPSHOT.jar:/home/michal/.m2/repository/net/automatalib/automata-serialization-learnlibv2/0.12.0/automata-serialization-learnlibv2-0.12.0.jar:/home/michal/.m2/repository/org/apache/fury/fury-core/0.9.0/fury-core-0.9.0.jar:/home/michal/.m2/repository/com/google/guava/guava/33.4.0-jre/guava-33.4.0-jre.jar:/home/michal/.m2/repository/com/google/guava/failureaccess/1.0.2/failureaccess-1.0.2.jar:/home/michal/.m2/repository/com/google/guava/listenablefuture/9999.0-empty-to-avoid-conflict-with-guava/listenablefuture-9999.0-empty-to-avoid-conflict-with-guava.jar:/home/michal/.m2/repository/com/google/code/findbugs/jsr305/3.0.2/jsr305-3.0.2.jar:/home/michal/.m2/repository/com/google/errorprone/error_prone_annotations/2.36.0/error_prone_annotations-2.36.0.jar:/home/michal/.m2/repository/com/google/j2objc/j2objc-annotations/3.0.0/j2objc-annotations-3.0.0.jar:/home/michal/.m2/repository/org/mockito/mockito-core/5.14.2/mockito-core-5.14.2.jar:/home/michal/.m2/repository/net/bytebuddy/byte-buddy/1.15.4/byte-buddy-1.15.4.jar:/home/michal/.m2/repository/net/bytebuddy/byte-buddy-agent/1.15.4/byte-buddy-agent-1.15.4.jar:/home/michal/.m2/repository/org/objenesis/objenesis/3.3/objenesis-3.3.jar:/home/michal/.m2/repository/de/learnlib/learnlib-util/0.19.0-SNAPSHOT/learnlib-util-0.19.0-SNAPSHOT.jar:/home/michal/.m2/repository/org/testng/testng/7.10.2/testng-7.10.2.jar:/home/michal/.m2/repository/com/beust/jcommander/1.82/jcommander-1.82.jar:/home/michal/.m2/repository/org/webjars/jquery/3.7.1/jquery-3.7.1.jar:/home/michal/.m2/repository/org/apache/maven/surefire/surefire-testng/3.5.2/surefire-testng-3.5.2.jar:/home/michal/.m2/repository/org/apache/maven/surefire/common-java5/3.5.2/common-java5-3.5.2.jar:/home/michal/.m2/repository/org/apache/maven/surefire/surefire-testng-utils/3.5.2/surefire-testng-utils-3.5.2.jar:/home/michal/.m2/repository/org/apache/maven/surefire/surefire-grouper/3.5.2/surefire-grouper-3.5.2.jar"/>
    <property name="sun.management.compiler" value="HotSpot 64-Bit Tiered Compilers"/>
    <property name="java.runtime.version" value="17.0.14+7-Ubuntu-122.04.1"/>
    <property name="user.name" value="michal"/>
    <property name="path.separator" value=":"/>
    <property name="os.version" value="6.8.0-57-generic"/>
    <property name="java.runtime.name" value="OpenJDK Runtime Environment"/>
    <property name="file.encoding" value="UTF-8"/>
    <property name="java.vm.name" value="OpenJDK 64-Bit Server VM"/>
    <property name="localRepository" value="/home/michal/.m2/repository"/>
    <property name="java.vendor.url.bug" value="https://bugs.launchpad.net/ubuntu/+source/openjdk-17"/>
    <property name="java.io.tmpdir" value="/tmp"/>
    <property name="java.version" value="17.0.14"/>
    <property name="user.dir" value="/home/michal/Documents/edu/studia2/learnlib/filters/cache"/>
    <property name="os.arch" value="amd64"/>
    <property name="java.vm.specification.name" value="Java Virtual Machine Specification"/>
    <property name="native.encoding" value="UTF-8"/>
    <property name="java.library.path" value="/usr/java/packages/lib:/usr/lib/x86_64-linux-gnu/jni:/lib/x86_64-linux-gnu:/usr/lib/x86_64-linux-gnu:/usr/lib/jni:/lib:/usr/lib"/>
    <property name="java.vm.info" value="mixed mode"/>
    <property name="java.vendor" value="Ubuntu"/>
    <property name="java.vm.version" value="17.0.14+7-Ubuntu-122.04.1"/>
    <property name="java.specification.maintenance.version" value="1"/>
    <property name="sun.io.unicode.encoding" value="UnicodeLittle"/>
    <property name="java.class.version" value="61.0"/>
  </properties>
  <testcase name="testInterning" classname="de.learnlib.filter.cache.InterningMembershipOracleTest" time="0.017">
    <system-err><![CDATA[SLF4J(W): No SLF4J providers were found.
SLF4J(W): Defaulting to no-operation (NOP) logger implementation
SLF4J(W): See https://www.slf4j.org/codes.html#noProviders for further details.
]]></system-err>
  </testcase>
  <testcase name="testNoQueriesReceived" classname="de.learnlib.filter.cache.moore.MooreTreeCacheTest" time="0.0"/>
  <testcase name="testFirstQuery" classname="de.learnlib.filter.cache.moore.MooreTreeCacheTest" time="0.001"/>
  <testcase name="testFirstDuplicate" classname="de.learnlib.filter.cache.moore.MooreTreeCacheTest" time="0.001"/>
  <testcase name="testTwoQueriesOneDuplicate" classname="de.learnlib.filter.cache.moore.MooreTreeCacheTest" time="0.001"/>
  <testcase name="testOneNewQuery" classname="de.learnlib.filter.cache.moore.MooreTreeCacheTest" time="0.0"/>
  <testcase name="testPrefix" classname="de.learnlib.filter.cache.moore.MooreTreeCacheTest" time="0.001"/>
  <testcase name="testCacheConsistency" classname="de.learnlib.filter.cache.moore.MooreTreeCacheTest" time="0.001"/>
  <testcase name="testResuming" classname="de.learnlib.filter.cache.moore.MooreTreeCacheTest" time="0.506"/>
  <testcase name="testAddSymbol" classname="de.learnlib.filter.cache.moore.MooreTreeCacheTest" time="0.001"/>
  <testcase name="testDuplicatesInBatch" classname="de.learnlib.filter.cache.moore.MooreTreeCacheTest" time="0.001"/>
  <testcase name="testConcurrentMembershipQueries" classname="de.learnlib.filter.cache.moore.MooreParallelCacheTest" time="0.028"/>
  <testcase name="testConcurrentMembershipQueries" classname="de.learnlib.filter.cache.moore.MooreParallelCacheTest" time="0.009"/>
  <testcase name="testConcurrentMembershipQueries" classname="de.learnlib.filter.cache.moore.MooreParallelCacheTest" time="0.011"/>
  <testcase name="testConcurrentMembershipQueries" classname="de.learnlib.filter.cache.moore.MooreParallelCacheTest" time="0.011"/>
  <testcase name="testConcurrentEquivalenceQueries" classname="de.learnlib.filter.cache.moore.MooreParallelCacheTest" time="0.013"/>
  <testcase name="testConcurrentEquivalenceQueries" classname="de.learnlib.filter.cache.moore.MooreParallelCacheTest" time="0.008"/>
  <testcase name="testConcurrentEquivalenceQueries" classname="de.learnlib.filter.cache.moore.MooreParallelCacheTest" time="0.008"/>
  <testcase name="testConcurrentEquivalenceQueries" classname="de.learnlib.filter.cache.moore.MooreParallelCacheTest" time="0.009"/>
  <testcase name="testNoQueriesReceived" classname="de.learnlib.filter.cache.moore.MooreTreeMapperCacheTest" time="0.0"/>
  <testcase name="testFirstQuery" classname="de.learnlib.filter.cache.moore.MooreTreeMapperCacheTest" time="0.001"/>
  <testcase name="testFirstDuplicate" classname="de.learnlib.filter.cache.moore.MooreTreeMapperCacheTest" time="0.0"/>
  <testcase name="testTwoQueriesOneDuplicate" classname="de.learnlib.filter.cache.moore.MooreTreeMapperCacheTest" time="0.0"/>
  <testcase name="testOneNewQuery" classname="de.learnlib.filter.cache.moore.MooreTreeMapperCacheTest" time="0.0"/>
  <testcase name="testPrefix" classname="de.learnlib.filter.cache.moore.MooreTreeMapperCacheTest" time="0.0"/>
  <testcase name="testCacheConsistency" classname="de.learnlib.filter.cache.moore.MooreTreeMapperCacheTest" time="0.0"/>
  <testcase name="testResuming" classname="de.learnlib.filter.cache.moore.MooreTreeMapperCacheTest" time="0.001"/>
  <testcase name="testAddSymbol" classname="de.learnlib.filter.cache.moore.MooreTreeMapperCacheTest" time="0.001"/>
  <testcase name="testDuplicatesInBatch" classname="de.learnlib.filter.cache.moore.MooreTreeMapperCacheTest" time="0.001"/>
  <testcase name="testNoQueriesReceived" classname="de.learnlib.filter.cache.moore.MooreDAGCacheTest" time="0.001"/>
  <testcase name="testFirstQuery" classname="de.learnlib.filter.cache.moore.MooreDAGCacheTest" time="0.001"/>
  <testcase name="testFirstDuplicate" classname="de.learnlib.filter.cache.moore.MooreDAGCacheTest" time="0.001"/>
  <testcase name="testTwoQueriesOneDuplicate" classname="de.learnlib.filter.cache.moore.MooreDAGCacheTest" time="0.0"/>
  <testcase name="testOneNewQuery" classname="de.learnlib.filter.cache.moore.MooreDAGCacheTest" time="0.0"/>
  <testcase name="testPrefix" classname="de.learnlib.filter.cache.moore.MooreDAGCacheTest" time="0.001"/>
  <testcase name="testCacheConsistency" classname="de.learnlib.filter.cache.moore.MooreDAGCacheTest" time="0.0"/>
  <testcase name="testResuming" classname="de.learnlib.filter.cache.moore.MooreDAGCacheTest" time="0.11"/>
  <testcase name="testAddSymbol" classname="de.learnlib.filter.cache.moore.MooreDAGCacheTest" time="0.002"/>
  <testcase name="testDuplicatesInBatch" classname="de.learnlib.filter.cache.moore.MooreDAGCacheTest" time="0.0"/>
  <testcase name="testNoQueriesReceived" classname="de.learnlib.filter.cache.moore.MooreDAGMapperCacheTest" time="0.0"/>
  <testcase name="testFirstQuery" classname="de.learnlib.filter.cache.moore.MooreDAGMapperCacheTest" time="0.0"/>
  <testcase name="testFirstDuplicate" classname="de.learnlib.filter.cache.moore.MooreDAGMapperCacheTest" time="0.0"/>
  <testcase name="testTwoQueriesOneDuplicate" classname="de.learnlib.filter.cache.moore.MooreDAGMapperCacheTest" time="0.0"/>
  <testcase name="testOneNewQuery" classname="de.learnlib.filter.cache.moore.MooreDAGMapperCacheTest" time="0.0"/>
  <testcase name="testPrefix" classname="de.learnlib.filter.cache.moore.MooreDAGMapperCacheTest" time="0.001"/>
  <testcase name="testCacheConsistency" classname="de.learnlib.filter.cache.moore.MooreDAGMapperCacheTest" time="0.0"/>
  <testcase name="testResuming" classname="de.learnlib.filter.cache.moore.MooreDAGMapperCacheTest" time="0.001"/>
  <testcase name="testAddSymbol" classname="de.learnlib.filter.cache.moore.MooreDAGMapperCacheTest" time="0.0"/>
  <testcase name="testDuplicatesInBatch" classname="de.learnlib.filter.cache.moore.MooreDAGMapperCacheTest" time="0.0"/>
  <testcase name="testConcurrentMembershipQueries" classname="de.learnlib.filter.cache.dfa.DFAParallelCacheTest" time="0.008"/>
  <testcase name="testConcurrentMembershipQueries" classname="de.learnlib.filter.cache.dfa.DFAParallelCacheTest" time="0.004"/>
  <testcase name="testConcurrentMembershipQueries" classname="de.learnlib.filter.cache.dfa.DFAParallelCacheTest" time="0.006"/>
  <testcase name="testConcurrentMembershipQueries" classname="de.learnlib.filter.cache.dfa.DFAParallelCacheTest" time="0.004"/>
  <testcase name="testConcurrentMembershipQueries" classname="de.learnlib.filter.cache.dfa.DFAParallelCacheTest" time="0.004"/>
  <testcase name="testConcurrentMembershipQueries" classname="de.learnlib.filter.cache.dfa.DFAParallelCacheTest" time="0.003"/>
  <testcase name="testConcurrentEquivalenceQueries" classname="de.learnlib.filter.cache.dfa.DFAParallelCacheTest" time="0.011"/>
  <testcase name="testConcurrentEquivalenceQueries" classname="de.learnlib.filter.cache.dfa.DFAParallelCacheTest" time="0.004"/>
  <testcase name="testConcurrentEquivalenceQueries" classname="de.learnlib.filter.cache.dfa.DFAParallelCacheTest" time="0.006"/>
  <testcase name="testConcurrentEquivalenceQueries" classname="de.learnlib.filter.cache.dfa.DFAParallelCacheTest" time="0.005"/>
  <testcase name="testConcurrentEquivalenceQueries" classname="de.learnlib.filter.cache.dfa.DFAParallelCacheTest" time="0.004"/>
  <testcase name="testConcurrentEquivalenceQueries" classname="de.learnlib.filter.cache.dfa.DFAParallelCacheTest" time="0.004"/>
  <testcase name="testNoQueriesReceived" classname="de.learnlib.filter.cache.dfa.DFAHashCacheTest" time="0.001"/>
  <testcase name="testFirstQuery" classname="de.learnlib.filter.cache.dfa.DFAHashCacheTest" time="0.0"/>
  <testcase name="testFirstDuplicate" classname="de.learnlib.filter.cache.dfa.DFAHashCacheTest" time="0.001"/>
  <testcase name="testTwoQueriesOneDuplicate" classname="de.learnlib.filter.cache.dfa.DFAHashCacheTest" time="0.001"/>
  <testcase name="testOneNewQuery" classname="de.learnlib.filter.cache.dfa.DFAHashCacheTest" time="0.0"/>
  <testcase name="testPrefix" classname="de.learnlib.filter.cache.dfa.DFAHashCacheTest" time="0.0"/>
  <testcase name="testCacheConsistency" classname="de.learnlib.filter.cache.dfa.DFAHashCacheTest" time="0.001"/>
  <testcase name="testResuming" classname="de.learnlib.filter.cache.dfa.DFAHashCacheTest" time="0.034"/>
  <testcase name="testAddSymbol" classname="de.learnlib.filter.cache.dfa.DFAHashCacheTest" time="0.0"/>
  <testcase name="testDuplicatesInBatch" classname="de.learnlib.filter.cache.dfa.DFAHashCacheTest" time="0.0"/>
  <testcase name="testNoQueriesReceived" classname="de.learnlib.filter.cache.dfa.DFATreeCacheTest" time="0.0"/>
  <testcase name="testFirstQuery" classname="de.learnlib.filter.cache.dfa.DFATreeCacheTest" time="0.0"/>
  <testcase name="testFirstDuplicate" classname="de.learnlib.filter.cache.dfa.DFATreeCacheTest" time="0.0"/>
  <testcase name="testTwoQueriesOneDuplicate" classname="de.learnlib.filter.cache.dfa.DFATreeCacheTest" time="0.0"/>
  <testcase name="testOneNewQuery" classname="de.learnlib.filter.cache.dfa.DFATreeCacheTest" time="0.0"/>
  <testcase name="testPrefix" classname="de.learnlib.filter.cache.dfa.DFATreeCacheTest" time="0.0"/>
  <testcase name="testCacheConsistency" classname="de.learnlib.filter.cache.dfa.DFATreeCacheTest" time="0.0"/>
  <testcase name="testResuming" classname="de.learnlib.filter.cache.dfa.DFATreeCacheTest" time="0.073"/>
  <testcase name="testAddSymbol" classname="de.learnlib.filter.cache.dfa.DFATreeCacheTest" time="0.0"/>
  <testcase name="testDuplicatesInBatch" classname="de.learnlib.filter.cache.dfa.DFATreeCacheTest" time="0.0"/>
  <testcase name="testNoQueriesReceived" classname="de.learnlib.filter.cache.dfa.DFADAGCacheTest" time="0.0"/>
  <testcase name="testFirstQuery" classname="de.learnlib.filter.cache.dfa.DFADAGCacheTest" time="0.001"/>
  <testcase name="testFirstDuplicate" classname="de.learnlib.filter.cache.dfa.DFADAGCacheTest" time="0.0"/>
  <testcase name="testTwoQueriesOneDuplicate" classname="de.learnlib.filter.cache.dfa.DFADAGCacheTest" time="0.0"/>
  <testcase name="testOneNewQuery" classname="de.learnlib.filter.cache.dfa.DFADAGCacheTest" time="0.001"/>
  <testcase name="testPrefix" classname="de.learnlib.filter.cache.dfa.DFADAGCacheTest" time="0.001"/>
  <testcase name="testCacheConsistency" classname="de.learnlib.filter.cache.dfa.DFADAGCacheTest" time="0.0"/>
  <testcase name="testResuming" classname="de.learnlib.filter.cache.dfa.DFADAGCacheTest" time="0.07"/>
  <testcase name="testAddSymbol" classname="de.learnlib.filter.cache.dfa.DFADAGCacheTest" time="0.001"/>
  <testcase name="testDuplicatesInBatch" classname="de.learnlib.filter.cache.dfa.DFADAGCacheTest" time="0.001"/>
  <testcase name="testNoQueriesReceived" classname="de.learnlib.filter.cache.sul.SULDAGCacheTest" time="0.0"/>
  <testcase name="testFirstQuery" classname="de.learnlib.filter.cache.sul.SULDAGCacheTest" time="0.001"/>
  <testcase name="testFirstDuplicate" classname="de.learnlib.filter.cache.sul.SULDAGCacheTest" time="0.0"/>
  <testcase name="testTwoQueriesOneDuplicate" classname="de.learnlib.filter.cache.sul.SULDAGCacheTest" time="0.001"/>
  <testcase name="testOneNewQuery" classname="de.learnlib.filter.cache.sul.SULDAGCacheTest" time="0.0"/>
  <testcase name="testPrefix" classname="de.learnlib.filter.cache.sul.SULDAGCacheTest" time="0.0"/>
  <testcase name="testCacheConsistency" classname="de.learnlib.filter.cache.sul.SULDAGCacheTest" time="0.001"/>
  <testcase name="testResuming" classname="de.learnlib.filter.cache.sul.SULDAGCacheTest" time="0.1"/>
  <testcase name="testAddSymbol" classname="de.learnlib.filter.cache.sul.SULDAGCacheTest" time="0.001"/>
  <testcase name="testDuplicatesInBatch" classname="de.learnlib.filter.cache.sul.SULDAGCacheTest" time="0.001"/>
  <testcase name="testConcurrentMembershipQueries" classname="de.learnlib.filter.cache.sul.SULParallelCacheTest" time="0.015"/>
  <testcase name="testConcurrentMembershipQueries" classname="de.learnlib.filter.cache.sul.SULParallelCacheTest" time="0.009"/>
  <testcase name="testConcurrentMembershipQueries" classname="de.learnlib.filter.cache.sul.SULParallelCacheTest" time="0.008"/>
  <testcase name="testConcurrentEquivalenceQueries" classname="de.learnlib.filter.cache.sul.SULParallelCacheTest" time="0.019"/>
  <testcase name="testConcurrentEquivalenceQueries" classname="de.learnlib.filter.cache.sul.SULParallelCacheTest" time="0.011"/>
  <testcase name="testConcurrentEquivalenceQueries" classname="de.learnlib.filter.cache.sul.SULParallelCacheTest" time="0.016"/>
  <testcase name="testConcurrentMembershipQueries" classname="de.learnlib.filter.cache.sul.SLISULParallelCacheTest" time="0.009"/>
  <testcase name="testConcurrentMembershipQueries" classname="de.learnlib.filter.cache.sul.SLISULParallelCacheTest" time="0.007"/>
  <testcase name="testConcurrentEquivalenceQueries" classname="de.learnlib.filter.cache.sul.SLISULParallelCacheTest" time="0.017"/>
  <testcase name="testConcurrentEquivalenceQueries" classname="de.learnlib.filter.cache.sul.SLISULParallelCacheTest" time="0.015"/>
  <testcase name="testNoQueriesReceived" classname="de.learnlib.filter.cache.sul.SULTreeCacheTest" time="0.0"/>
  <testcase name="testFirstQuery" classname="de.learnlib.filter.cache.sul.SULTreeCacheTest" time="0.0"/>
  <testcase name="testFirstDuplicate" classname="de.learnlib.filter.cache.sul.SULTreeCacheTest" time="0.0"/>
  <testcase name="testTwoQueriesOneDuplicate" classname="de.learnlib.filter.cache.sul.SULTreeCacheTest" time="0.0"/>
  <testcase name="testOneNewQuery" classname="de.learnlib.filter.cache.sul.SULTreeCacheTest" time="0.001"/>
  <testcase name="testPrefix" classname="de.learnlib.filter.cache.sul.SULTreeCacheTest" time="0.0"/>
  <testcase name="testCacheConsistency" classname="de.learnlib.filter.cache.sul.SULTreeCacheTest" time="0.0"/>
  <testcase name="testResuming" classname="de.learnlib.filter.cache.sul.SULTreeCacheTest" time="0.064"/>
  <testcase name="testAddSymbol" classname="de.learnlib.filter.cache.sul.SULTreeCacheTest" time="0.0"/>
  <testcase name="testDuplicatesInBatch" classname="de.learnlib.filter.cache.sul.SULTreeCacheTest" time="0.0"/>
  <testcase name="testNoQueriesReceived" classname="de.learnlib.filter.cache.sul.StateLocalInputSULTreeCacheTest" time="0.0"/>
  <testcase name="testAddSymbol" classname="de.learnlib.filter.cache.sul.StateLocalInputSULTreeCacheTest" time="0.0"/>
  <testcase name="testFirstQuery" classname="de.learnlib.filter.cache.sul.StateLocalInputSULTreeCacheTest" time="0.004"/>
  <testcase name="testFirstDuplicate" classname="de.learnlib.filter.cache.sul.StateLocalInputSULTreeCacheTest" time="0.001"/>
  <testcase name="testTwoQueriesOneDuplicate" classname="de.learnlib.filter.cache.sul.StateLocalInputSULTreeCacheTest" time="0.001"/>
  <testcase name="testOneNewQuery" classname="de.learnlib.filter.cache.sul.StateLocalInputSULTreeCacheTest" time="0.001"/>
  <testcase name="testPrefix" classname="de.learnlib.filter.cache.sul.StateLocalInputSULTreeCacheTest" time="0.001"/>
  <testcase name="testCacheConsistency" classname="de.learnlib.filter.cache.sul.StateLocalInputSULTreeCacheTest" time="0.0"/>
  <testcase name="testResuming" classname="de.learnlib.filter.cache.sul.StateLocalInputSULTreeCacheTest" time="0.084"/>
  <testcase name="testDuplicatesInBatch" classname="de.learnlib.filter.cache.sul.StateLocalInputSULTreeCacheTest" time="0.0"/>
  <testcase name="testQueryWithNoContainedAlphabetSymbol" classname="de.learnlib.filter.cache.sul.StateLocalInputSULTreeCacheTest" time="0.0"/>
  <testcase name="testNoQueriesReceived" classname="de.learnlib.filter.cache.mealy.DynamicMealyTreeCacheTest" time="0.001"/>
  <testcase name="testFirstQuery" classname="de.learnlib.filter.cache.mealy.DynamicMealyTreeCacheTest" time="0.001"/>
  <testcase name="testFirstDuplicate" classname="de.learnlib.filter.cache.mealy.DynamicMealyTreeCacheTest" time="0.0"/>
  <testcase name="testTwoQueriesOneDuplicate" classname="de.learnlib.filter.cache.mealy.DynamicMealyTreeCacheTest" time="0.0"/>
  <testcase name="testOneNewQuery" classname="de.learnlib.filter.cache.mealy.DynamicMealyTreeCacheTest" time="0.0"/>
  <testcase name="testPrefix" classname="de.learnlib.filter.cache.mealy.DynamicMealyTreeCacheTest" time="0.0"/>
  <testcase name="testCacheConsistency" classname="de.learnlib.filter.cache.mealy.DynamicMealyTreeCacheTest" time="0.001"/>
  <testcase name="testResuming" classname="de.learnlib.filter.cache.mealy.DynamicMealyTreeCacheTest" time="0.034"/>
  <testcase name="testAddSymbol" classname="de.learnlib.filter.cache.mealy.DynamicMealyTreeCacheTest" time="0.0"/>
  <testcase name="testDuplicatesInBatch" classname="de.learnlib.filter.cache.mealy.DynamicMealyTreeCacheTest" time="0.0"/>
  <testcase name="testNoQueriesReceived" classname="de.learnlib.filter.cache.mealy.MealyTreeCacheTest" time="0.001"/>
  <testcase name="testFirstQuery" classname="de.learnlib.filter.cache.mealy.MealyTreeCacheTest" time="0.001"/>
  <testcase name="testFirstDuplicate" classname="de.learnlib.filter.cache.mealy.MealyTreeCacheTest" time="0.001"/>
  <testcase name="testTwoQueriesOneDuplicate" classname="de.learnlib.filter.cache.mealy.MealyTreeCacheTest" time="0.0"/>
  <testcase name="testOneNewQuery" classname="de.learnlib.filter.cache.mealy.MealyTreeCacheTest" time="0.0"/>
  <testcase name="testPrefix" classname="de.learnlib.filter.cache.mealy.MealyTreeCacheTest" time="0.0"/>
  <testcase name="testCacheConsistency" classname="de.learnlib.filter.cache.mealy.MealyTreeCacheTest" time="0.0"/>
  <testcase name="testResuming" classname="de.learnlib.filter.cache.mealy.MealyTreeCacheTest" time="0.002"/>
  <testcase name="testAddSymbol" classname="de.learnlib.filter.cache.mealy.MealyTreeCacheTest" time="0.001"/>
  <testcase name="testDuplicatesInBatch" classname="de.learnlib.filter.cache.mealy.MealyTreeCacheTest" time="0.0"/>
  <testcase name="testNoQueriesReceived" classname="de.learnlib.filter.cache.mealy.MealyDAGMapperCacheTest" time="0.0"/>
  <testcase name="testFirstQuery" classname="de.learnlib.filter.cache.mealy.MealyDAGMapperCacheTest" time="0.0"/>
  <testcase name="testFirstDuplicate" classname="de.learnlib.filter.cache.mealy.MealyDAGMapperCacheTest" time="0.0"/>
  <testcase name="testTwoQueriesOneDuplicate" classname="de.learnlib.filter.cache.mealy.MealyDAGMapperCacheTest" time="0.0"/>
  <testcase name="testOneNewQuery" classname="de.learnlib.filter.cache.mealy.MealyDAGMapperCacheTest" time="0.0"/>
  <testcase name="testPrefix" classname="de.learnlib.filter.cache.mealy.MealyDAGMapperCacheTest" time="0.001"/>
  <testcase name="testCacheConsistency" classname="de.learnlib.filter.cache.mealy.MealyDAGMapperCacheTest" time="0.001"/>
  <testcase name="testResuming" classname="de.learnlib.filter.cache.mealy.MealyDAGMapperCacheTest" time="0.0"/>
  <testcase name="testAddSymbol" classname="de.learnlib.filter.cache.mealy.MealyDAGMapperCacheTest" time="0.0"/>
  <testcase name="testDuplicatesInBatch" classname="de.learnlib.filter.cache.mealy.MealyDAGMapperCacheTest" time="0.0"/>
  <testcase name="testNoQueriesReceived" classname="de.learnlib.filter.cache.mealy.MealyTreeMapperCacheTest" time="0.0"/>
  <testcase name="testFirstQuery" classname="de.learnlib.filter.cache.mealy.MealyTreeMapperCacheTest" time="0.0"/>
  <testcase name="testFirstDuplicate" classname="de.learnlib.filter.cache.mealy.MealyTreeMapperCacheTest" time="0.0"/>
  <testcase name="testTwoQueriesOneDuplicate" classname="de.learnlib.filter.cache.mealy.MealyTreeMapperCacheTest" time="0.0"/>
  <testcase name="testOneNewQuery" classname="de.learnlib.filter.cache.mealy.MealyTreeMapperCacheTest" time="0.0"/>
  <testcase name="testPrefix" classname="de.learnlib.filter.cache.mealy.MealyTreeMapperCacheTest" time="0.0"/>
  <testcase name="testCacheConsistency" classname="de.learnlib.filter.cache.mealy.MealyTreeMapperCacheTest" time="0.001"/>
  <testcase name="testResuming" classname="de.learnlib.filter.cache.mealy.MealyTreeMapperCacheTest" time="0.001"/>
  <testcase name="testAddSymbol" classname="de.learnlib.filter.cache.mealy.MealyTreeMapperCacheTest" time="0.0"/>
  <testcase name="testDuplicatesInBatch" classname="de.learnlib.filter.cache.mealy.MealyTreeMapperCacheTest" time="0.0"/>
  <testcase name="testConcurrentMembershipQueries" classname="de.learnlib.filter.cache.mealy.MealyParallelCacheTest" time="0.005"/>
  <testcase name="testConcurrentMembershipQueries" classname="de.learnlib.filter.cache.mealy.MealyParallelCacheTest" time="0.004"/>
  <testcase name="testConcurrentMembershipQueries" classname="de.learnlib.filter.cache.mealy.MealyParallelCacheTest" time="0.006"/>
  <testcase name="testConcurrentMembershipQueries" classname="de.learnlib.filter.cache.mealy.MealyParallelCacheTest" time="0.003"/>
  <testcase name="testConcurrentMembershipQueries" classname="de.learnlib.filter.cache.mealy.MealyParallelCacheTest" time="0.003"/>
  <testcase name="testConcurrentMembershipQueries" classname="de.learnlib.filter.cache.mealy.MealyParallelCacheTest" time="0.003"/>
  <testcase name="testConcurrentEquivalenceQueries" classname="de.learnlib.filter.cache.mealy.MealyParallelCacheTest" time="0.007"/>
  <testcase name="testConcurrentEquivalenceQueries" classname="de.learnlib.filter.cache.mealy.MealyParallelCacheTest" time="0.005"/>
  <testcase name="testConcurrentEquivalenceQueries" classname="de.learnlib.filter.cache.mealy.MealyParallelCacheTest" time="0.005"/>
  <testcase name="testConcurrentEquivalenceQueries" classname="de.learnlib.filter.cache.mealy.MealyParallelCacheTest" time="0.003"/>
  <testcase name="testConcurrentEquivalenceQueries" classname="de.learnlib.filter.cache.mealy.MealyParallelCacheTest" time="0.003"/>
  <testcase name="testConcurrentEquivalenceQueries" classname="de.learnlib.filter.cache.mealy.MealyParallelCacheTest" time="0.004"/>
  <testcase name="testNoQueriesReceived" classname="de.learnlib.filter.cache.mealy.DynamicMealyTreeMapperCacheTest" time="0.0"/>
  <testcase name="testFirstQuery" classname="de.learnlib.filter.cache.mealy.DynamicMealyTreeMapperCacheTest" time="0.001"/>
  <testcase name="testFirstDuplicate" classname="de.learnlib.filter.cache.mealy.DynamicMealyTreeMapperCacheTest" time="0.0"/>
  <testcase name="testTwoQueriesOneDuplicate" classname="de.learnlib.filter.cache.mealy.DynamicMealyTreeMapperCacheTest" time="0.0"/>
  <testcase name="testOneNewQuery" classname="de.learnlib.filter.cache.mealy.DynamicMealyTreeMapperCacheTest" time="0.0"/>
  <testcase name="testPrefix" classname="de.learnlib.filter.cache.mealy.DynamicMealyTreeMapperCacheTest" time="0.0"/>
  <testcase name="testCacheConsistency" classname="de.learnlib.filter.cache.mealy.DynamicMealyTreeMapperCacheTest" time="0.0"/>
  <testcase name="testResuming" classname="de.learnlib.filter.cache.mealy.DynamicMealyTreeMapperCacheTest" time="0.001"/>
  <testcase name="testAddSymbol" classname="de.learnlib.filter.cache.mealy.DynamicMealyTreeMapperCacheTest" time="0.001"/>
  <testcase name="testDuplicatesInBatch" classname="de.learnlib.filter.cache.mealy.DynamicMealyTreeMapperCacheTest" time="0.0"/>
  <testcase name="testNoQueriesReceived" classname="de.learnlib.filter.cache.mealy.MealyDAGCacheTest" time="0.0"/>
  <testcase name="testFirstQuery" classname="de.learnlib.filter.cache.mealy.MealyDAGCacheTest" time="0.0"/>
  <testcase name="testFirstDuplicate" classname="de.learnlib.filter.cache.mealy.MealyDAGCacheTest" time="0.0"/>
  <testcase name="testTwoQueriesOneDuplicate" classname="de.learnlib.filter.cache.mealy.MealyDAGCacheTest" time="0.0"/>
  <testcase name="testOneNewQuery" classname="de.learnlib.filter.cache.mealy.MealyDAGCacheTest" time="0.0"/>
  <testcase name="testPrefix" classname="de.learnlib.filter.cache.mealy.MealyDAGCacheTest" time="0.0"/>
  <testcase name="testCacheConsistency" classname="de.learnlib.filter.cache.mealy.MealyDAGCacheTest" time="0.001"/>
  <testcase name="testResuming" classname="de.learnlib.filter.cache.mealy.MealyDAGCacheTest" time="0.001"/>
  <testcase name="testAddSymbol" classname="de.learnlib.filter.cache.mealy.MealyDAGCacheTest" time="0.0"/>
  <testcase name="testDuplicatesInBatch" classname="de.learnlib.filter.cache.mealy.MealyDAGCacheTest" time="0.0"/>
  <testcase name="testNoQueriesReceived" classname="de.learnlib.filter.cache.mealy.AdaptiveQueryCacheTest" time="0.0"/>
  <testcase name="testFirstQuery" classname="de.learnlib.filter.cache.mealy.AdaptiveQueryCacheTest" time="0.002"/>
  <testcase name="testFirstDuplicate" classname="de.learnlib.filter.cache.mealy.AdaptiveQueryCacheTest" time="0.001"/>
  <testcase name="testTwoQueriesOneDuplicate" classname="de.learnlib.filter.cache.mealy.AdaptiveQueryCacheTest" time="0.001"/>
  <testcase name="testOneNewQuery" classname="de.learnlib.filter.cache.mealy.AdaptiveQueryCacheTest" time="0.001"/>
  <testcase name="testPrefix" classname="de.learnlib.filter.cache.mealy.AdaptiveQueryCacheTest" time="0.0"/>
  <testcase name="testCacheConsistency" classname="de.learnlib.filter.cache.mealy.AdaptiveQueryCacheTest" time="0.002"/>
  <testcase name="testResuming" classname="de.learnlib.filter.cache.mealy.AdaptiveQueryCacheTest" time="0.047"/>
  <testcase name="testAddSymbol" classname="de.learnlib.filter.cache.mealy.AdaptiveQueryCacheTest" time="0.0"/>
</testsuite>