<?xml version="1.0" encoding="UTF-8"?>
<!-- Generated by org.testng.reporters.JUnitReportReporter -->
<testsuite hostname="asus" failures="0" tests="3" name="de.learnlib.oracle.membership.SULOmegaOracleTest" time="0.145" errors="0" timestamp="2025-05-04T15:11:54 CEST" skipped="0">
  <testcase classname="de.learnlib.oracle.membership.SULOmegaOracleTest" name="testDeepCopyMealySimulatorOmegaOracle" time="0.073"/>
  <testcase classname="de.learnlib.oracle.membership.SULOmegaOracleTest" name="testForkableMealySimulatorOmegaOracle" time="0.001"/>
  <testcase classname="de.learnlib.oracle.membership.SULOmegaOracleTest" name="testOmegaOracleValidation" time="0.071"/>
</testsuite> <!-- de.learnlib.oracle.membership.SULOmegaOracleTest -->
