<?xml version="1.0" encoding="UTF-8"?>
<!-- Generated by org.testng.reporters.JUnitReportReporter -->
<testsuite hostname="asus" failures="0" tests="1" name="de.learnlib.oracle.membership.SimulatorOmegaOracleTest" time="0.010" errors="0" timestamp="2025-05-04T15:11:54 CEST" skipped="0">
  <testcase classname="de.learnlib.oracle.membership.SimulatorOmegaOracleTest" name="testDFASimulatorOmegaOracle" time="0.010"/>
</testsuite> <!-- de.learnlib.oracle.membership.SimulatorOmegaOracleTest -->
