<?xml version="1.0" encoding="UTF-8"?>
<!-- Generated by org.testng.reporters.JUnitReportReporter -->
<testsuite hostname="asus" failures="0" tests="2" name="de.learnlib.oracle.membership.StateLocalInputSULAdaptiveOracleTest" time="0.036" errors="0" timestamp="2025-05-04T15:11:54 CEST" skipped="0">
  <testcase classname="de.learnlib.oracle.membership.StateLocalInputSULAdaptiveOracleTest" name="testNoopIdempotency" time="0.029"/>
  <testcase classname="de.learnlib.oracle.membership.StateLocalInputSULAdaptiveOracleTest" name="testQueriesAndCleanUp" time="0.007"/>
</testsuite> <!-- de.learnlib.oracle.membership.StateLocalInputSULAdaptiveOracleTest -->
