<?xml version="1.0" encoding="UTF-8"?>
<!-- Generated by org.testng.reporters.JUnitReportReporter -->
<testsuite hostname="asus" failures="0" tests="2" name="de.learnlib.oracle.membership.SULAdaptiveOracleTest" time="0.985" errors="0" timestamp="2025-05-04T15:11:54 CEST" skipped="0">
  <testcase classname="de.learnlib.oracle.membership.SULAdaptiveOracleTest" name="testNoopIdempotency" time="0.931"/>
  <testcase classname="de.learnlib.oracle.membership.SULAdaptiveOracleTest" name="testQueries" time="0.054"/>
</testsuite> <!-- de.learnlib.oracle.membership.SULAdaptiveOracleTest -->
