<?xml version="1.0" encoding="UTF-8"?>
<!-- Generated by org.testng.reporters.JUnitReportReporter -->
<testsuite hostname="asus" failures="0" tests="2" name="de.learnlib.algorithm.ttt.TTTVisualizationTest" time="0.008" errors="0" timestamp="2025-05-04T15:12:17 CEST" skipped="0">
  <testcase classname="de.learnlib.algorithm.ttt.TTTVisualizationTest" name="testVisualizeDT" time="0.006"/>
  <testcase classname="de.learnlib.algorithm.ttt.TTTVisualizationTest" name="testVisualizeHyp" time="0.002"/>
</testsuite> <!-- de.learnlib.algorithm.ttt.TTTVisualizationTest -->
