<?xml version="1.0" encoding="UTF-8"?>
<!-- Generated by org.testng.reporters.JUnitReportReporter -->
<testsuite hostname="asus" failures="0" tests="1" name="de.learnlib.algorithm.ttt.TTTLearnerMealyResumableLearnerTest" time="0.764" errors="0" timestamp="2025-05-04T15:12:17 CEST" skipped="0">
  <testcase classname="de.learnlib.algorithm.ttt.TTTLearnerMealyResumableLearnerTest" name="testSuspendAndResumeLearner" time="0.764"/>
</testsuite> <!-- de.learnlib.algorithm.ttt.TTTLearnerMealyResumableLearnerTest -->
