<?xml version="1.0" encoding="UTF-8"?>
<!-- Generated by org.testng.reporters.JUnitReportReporter -->
<testsuite hostname="asus" failures="0" tests="2" name="de.learnlib.algorithm.ttt.TTTLearnerMealyGrowingAlphabetTest" time="0.014" errors="0" timestamp="2025-05-04T15:12:17 CEST" skipped="0">
  <testcase classname="de.learnlib.algorithm.ttt.TTTLearnerMealyGrowingAlphabetTest" name="testGrowingAlphabet" time="0.013"/>
  <testcase classname="de.learnlib.algorithm.ttt.TTTLearnerMealyGrowingAlphabetTest" name="testInitialAlphabet" time="0.001"/>
</testsuite> <!-- de.learnlib.algorithm.ttt.TTTLearnerMealyGrowingAlphabetTest -->
