<?xml version="1.0" encoding="UTF-8"?>
<!-- Generated by org.testng.reporters.JUnitReportReporter -->
<testsuite hostname="asus" failures="0" tests="2" name="de.learnlib.algorithm.rpni.MDLScoreTest" time="0.004" errors="0" timestamp="2025-05-04T15:12:43 CEST" skipped="0">
  <testcase classname="de.learnlib.algorithm.rpni.MDLScoreTest" name="testFinalHypothesis" time="0.004"/>
  <testcase classname="de.learnlib.algorithm.rpni.MDLScoreTest" name="testPTAValue" time="0.000"/>
</testsuite> <!-- de.learnlib.algorithm.rpni.MDLScoreTest -->
