<?xml version="1.0" encoding="UTF-8"?>
<!-- Generated by org.testng.reporters.JUnitReportReporter -->
<testsuite hostname="asus" failures="0" tests="2" name="de.learnlib.algorithm.rpni.EDSMScoreTest" time="0.037" errors="0" timestamp="2025-05-04T15:12:43 CEST" skipped="0">
  <testcase classname="de.learnlib.algorithm.rpni.EDSMScoreTest" name="testFinalHypothesis" time="0.035"/>
  <testcase classname="de.learnlib.algorithm.rpni.EDSMScoreTest" name="testValue" time="0.002"/>
</testsuite> <!-- de.learnlib.algorithm.rpni.EDSMScoreTest -->
