<?xml version="1.0" encoding="UTF-8"?>
<!-- Generated by org.testng.reporters.JUnitReportReporter -->
<testsuite hostname="asus" failures="0" tests="2" name="de.learnlib.datastructure.pta.PTAVisualizationTest" time="0.006" errors="0" timestamp="2025-05-04T15:12:02 CEST" skipped="0">
  <testcase classname="de.learnlib.datastructure.pta.PTAVisualizationTest" name="testPromotedPTA" time="0.002"/>
  <testcase classname="de.learnlib.datastructure.pta.PTAVisualizationTest" name="testBasePTA" time="0.004"/>
</testsuite> <!-- de.learnlib.datastructure.pta.PTAVisualizationTest -->
