<?xml version="1.0" encoding="UTF-8"?>
<!-- Generated by org.testng.reporters.JUnitReportReporter -->
<testsuite hostname="asus" failures="0" tests="1" name="de.learnlib.datastructure.discriminationtree.VisualizationTest" time="0.005" errors="0" timestamp="2025-05-04T15:12:02 CEST" skipped="0">
  <testcase classname="de.learnlib.datastructure.discriminationtree.VisualizationTest" name="testVisualization" time="0.005"/>
</testsuite> <!-- de.learnlib.datastructure.discriminationtree.VisualizationTest -->
