<?xml version="1.0" encoding="UTF-8"?>
<!-- Generated by org.testng.reporters.JUnitReportReporter -->
<testsuite hostname="asus" failures="0" tests="2" name="de.learnlib.datastructure.pta.MergedAutomatonTest" time="0.006" errors="0" timestamp="2025-05-04T15:12:02 CEST" skipped="0">
  <testcase classname="de.learnlib.datastructure.pta.MergedAutomatonTest" name="testMerge" time="0.003"/>
  <testcase classname="de.learnlib.datastructure.pta.MergedAutomatonTest" name="testTraversalWithProperties" time="0.003"/>
</testsuite> <!-- de.learnlib.datastructure.pta.MergedAutomatonTest -->
