<?xml version="1.0" encoding="UTF-8"?>
<!-- Generated by org.testng.reporters.JUnitReportReporter -->
<testsuite hostname="asus" failures="0" tests="4" name="de.learnlib.datastructure.discriminationtree.IteratorsTest" time="0.004" errors="0" timestamp="2025-05-04T15:12:02 CEST" skipped="0">
  <testcase classname="de.learnlib.datastructure.discriminationtree.IteratorsTest" name="testInnerNodeIterator" time="0.002"/>
  <testcase classname="de.learnlib.datastructure.discriminationtree.IteratorsTest" name="testLeafIterator" time="0.001"/>
  <testcase classname="de.learnlib.datastructure.discriminationtree.IteratorsTest" name="testTransformingLeafIterator" time="0.001"/>
  <testcase classname="de.learnlib.datastructure.discriminationtree.IteratorsTest" name="testNodeIterator" time="0.000"/>
</testsuite> <!-- de.learnlib.datastructure.discriminationtree.IteratorsTest -->
