<?xml version="1.0" encoding="UTF-8"?>
<!-- Generated by org.testng.reporters.JUnitReportReporter -->
<testsuite hostname="asus" failures="0" tests="3" name="de.learnlib.datastructure.observationtable.writer.SuffixASCIIWriterTest" time="0.008" errors="0" timestamp="2025-05-04T15:12:02 CEST" skipped="0">
  <testcase classname="de.learnlib.datastructure.observationtable.writer.SuffixASCIIWriterTest" name="testDelimiterInNames" time="0.002"/>
  <testcase classname="de.learnlib.datastructure.observationtable.writer.SuffixASCIIWriterTest" name="testWrite" time="0.001"/>
  <testcase classname="de.learnlib.datastructure.observationtable.writer.SuffixASCIIWriterTest" name="testRead" time="0.005"/>
</testsuite> <!-- de.learnlib.datastructure.observationtable.writer.SuffixASCIIWriterTest -->
