<?xml version="1.0" encoding="UTF-8"?>
<!-- Generated by org.testng.reporters.JUnitReportReporter -->
<testsuite hostname="asus" failures="0" tests="2" name="de.learnlib.oracle.property.MealyPropertyOracleTest" time="0.016" errors="0" timestamp="2025-05-04T15:12:50 CEST" skipped="2">
  <testcase classname="de.learnlib.oracle.property.MealyPropertyOracleTest" name="testIssue46" time="0.015">
    <skipped/>
  </testcase> <!-- testIssue46 -->
  <testcase classname="de.learnlib.oracle.property.MealyPropertyOracleTest" name="testTinyExample" time="0.001">
    <skipped/>
  </testcase> <!-- testTinyExample -->
</testsuite> <!-- de.learnlib.oracle.property.MealyPropertyOracleTest -->
