<?xml version="1.0" encoding="UTF-8"?>
<!-- Generated by org.testng.reporters.JUnitReportReporter -->
<testsuite hostname="asus" failures="0" tests="4" name="de.learnlib.example.dfa.DFAExamplesTest" time="1.449" errors="0" timestamp="2025-05-04T15:11:51 CEST" skipped="0">
  <testcase classname="de.learnlib.example.dfa.DFAExamplesTest" name="testPeterson2" time="0.058"/>
  <testcase classname="de.learnlib.example.dfa.DFAExamplesTest" name="testPots2" time="0.016"/>
  <testcase classname="de.learnlib.example.dfa.DFAExamplesTest" name="testPeterson3" time="0.120"/>
  <testcase classname="de.learnlib.example.dfa.DFAExamplesTest" name="testPots3" time="1.255"/>
</testsuite> <!-- de.learnlib.example.dfa.DFAExamplesTest -->
