<?xml version="1.0" encoding="UTF-8"?>
<!-- Generated by org.testng.reporters.JUnitReportReporter -->
<testsuite hostname="asus" failures="0" tests="1" name="de.learnlib.algorithm.procedural.spmm.OptimizationsTest" time="0.044" errors="0" timestamp="2025-05-04T15:12:39 CEST" skipped="0">
  <testcase classname="de.learnlib.algorithm.procedural.spmm.OptimizationsTest" name="testOptimizations" time="0.044"/>
</testsuite> <!-- de.learnlib.algorithm.procedural.spmm.OptimizationsTest -->
