<?xml version="1.0" encoding="UTF-8"?>
<!-- Generated by org.testng.reporters.JUnitReportReporter -->
<testsuite hostname="asus" failures="0" tests="5" name="de.learnlib.filter.statistic.sul.ResetCounterSULTest" time="0.001" errors="0" timestamp="2025-05-04T17:32:09 CEST" skipped="0">
  <testcase classname="de.learnlib.filter.statistic.sul.ResetCounterSULTest" name="testEmptyQueryBatch" time="0.001"/>
  <testcase classname="de.learnlib.filter.statistic.sul.ResetCounterSULTest" name="testSecondQueryBatch" time="0.000"/>
  <testcase classname="de.learnlib.filter.statistic.sul.ResetCounterSULTest" name="testFirstQueryBatch" time="0.000"/>
  <testcase classname="de.learnlib.filter.statistic.sul.ResetCounterSULTest" name="testInitialState" time="0.000"/>
  <testcase classname="de.learnlib.filter.statistic.sul.ResetCounterSULTest" name="testSharedForkCounter" time="0.000"/>
</testsuite> <!-- de.learnlib.filter.statistic.sul.ResetCounterSULTest -->
