<?xml version="1.0" encoding="UTF-8"?>
<!-- Generated by org.testng.reporters.JUnitReportReporter -->
<testsuite hostname="asus" failures="0" tests="6" name="de.learnlib.filter.statistic.oracle.HistogramOracleTest" time="0.005" errors="0" timestamp="2025-05-04T17:32:09 CEST" skipped="0">
  <testcase classname="de.learnlib.filter.statistic.oracle.HistogramOracleTest" name="testGetName" time="0.001"/>
  <testcase classname="de.learnlib.filter.statistic.oracle.HistogramOracleTest" name="testEmptyQueryBatch" time="0.000"/>
  <testcase classname="de.learnlib.filter.statistic.oracle.HistogramOracleTest" name="testSummary" time="0.003"/>
  <testcase classname="de.learnlib.filter.statistic.oracle.HistogramOracleTest" name="testSecondQueryBatch" time="0.000"/>
  <testcase classname="de.learnlib.filter.statistic.oracle.HistogramOracleTest" name="testInitialState" time="0.001"/>
  <testcase classname="de.learnlib.filter.statistic.oracle.HistogramOracleTest" name="testFirstQueryBatch" time="0.000"/>
</testsuite> <!-- de.learnlib.filter.statistic.oracle.HistogramOracleTest -->
