<?xml version="1.0" encoding="UTF-8"?>
<!-- Generated by org.testng.reporters.JUnitReportReporter -->
<testsuite hostname="asus" failures="0" tests="18" name="de.learnlib.counterexample.acex.AnalyzersTest" time="0.015" errors="0" timestamp="2025-05-04T15:11:43 CEST" skipped="0">
  <testcase classname="de.learnlib.counterexample.acex.AnalyzersTest" name="testOne0" time="0.001"/>
  <testcase classname="de.learnlib.counterexample.acex.AnalyzersTest" name="testRandom" time="0.000"/>
  <testcase classname="de.learnlib.counterexample.acex.AnalyzersTest" name="testOne1" time="0.000"/>
  <testcase classname="de.learnlib.counterexample.acex.AnalyzersTest" name="testOne0" time="0.001"/>
  <testcase classname="de.learnlib.counterexample.acex.AnalyzersTest" name="testRandom" time="0.000"/>
  <testcase classname="de.learnlib.counterexample.acex.AnalyzersTest" name="testOne1" time="0.000"/>
  <testcase classname="de.learnlib.counterexample.acex.AnalyzersTest" name="testRandom" time="0.001"/>
  <testcase classname="de.learnlib.counterexample.acex.AnalyzersTest" name="testOne0" time="0.001"/>
  <testcase classname="de.learnlib.counterexample.acex.AnalyzersTest" name="testOne1" time="0.000"/>
  <testcase classname="de.learnlib.counterexample.acex.AnalyzersTest" name="testOne1" time="0.000"/>
  <testcase classname="de.learnlib.counterexample.acex.AnalyzersTest" name="testRandom" time="0.001"/>
  <testcase classname="de.learnlib.counterexample.acex.AnalyzersTest" name="testOne0" time="0.001"/>
  <testcase classname="de.learnlib.counterexample.acex.AnalyzersTest" name="testOne1" time="0.000"/>
  <testcase classname="de.learnlib.counterexample.acex.AnalyzersTest" name="testOne1" time="0.001"/>
  <testcase classname="de.learnlib.counterexample.acex.AnalyzersTest" name="testOne0" time="0.007"/>
  <testcase classname="de.learnlib.counterexample.acex.AnalyzersTest" name="testOne0" time="0.001"/>
  <testcase classname="de.learnlib.counterexample.acex.AnalyzersTest" name="testRandom" time="0.000"/>
  <testcase classname="de.learnlib.counterexample.acex.AnalyzersTest" name="testRandom" time="0.000"/>
</testsuite> <!-- de.learnlib.counterexample.acex.AnalyzersTest -->
