<?xml version="1.0" encoding="UTF-8"?>
<!-- Generated by org.testng.reporters.JUnitReportReporter -->
<testsuite hostname="asus" failures="0" tests="1" name="de.learnlib.algorithm.nlstar.NLStarTest" time="0.046" errors="0" timestamp="2025-05-04T15:12:36 CEST" skipped="0">
  <testcase classname="de.learnlib.algorithm.nlstar.NLStarTest" name="testIssue70" time="0.046"/>
</testsuite> <!-- de.learnlib.algorithm.nlstar.NLStarTest -->
