<?xml version="1.0" encoding="UTF-8"?>
<!-- Generated by org.testng.reporters.JUnitReportReporter -->
<testsuite hostname="asus" failures="0" tests="2" name="de.learnlib.algorithm.aaar.generic.GenericAAARLearnerMealyTest" time="0.031" errors="0" timestamp="2025-05-04T15:12:18 CEST" skipped="0">
  <testcase classname="de.learnlib.algorithm.aaar.generic.GenericAAARLearnerMealyTest" name="testTreeSerialization" time="0.007"/>
  <testcase classname="de.learnlib.algorithm.aaar.generic.GenericAAARLearnerMealyTest" name="testAbstractHypothesisEquivalence" time="0.024"/>
</testsuite> <!-- de.learnlib.algorithm.aaar.generic.GenericAAARLearnerMealyTest -->
