<?xml version="1.0" encoding="UTF-8"?>
<!-- Generated by org.testng.reporters.JUnitReportReporter -->
<testsuite hostname="asus" failures="0" tests="1" name="de.learnlib.algorithm.aaar.explicit.ExplicitAAARLearnerMooreTest" time="0.049" errors="0" timestamp="2025-05-04T15:12:18 CEST" skipped="0">
  <testcase classname="de.learnlib.algorithm.aaar.explicit.ExplicitAAARLearnerMooreTest" name="testAbstractHypothesisEquivalence" time="0.049"/>
</testsuite> <!-- de.learnlib.algorithm.aaar.explicit.ExplicitAAARLearnerMooreTest -->
