<?xml version="1.0" encoding="UTF-8"?>
<!-- Generated by org.testng.reporters.JUnitReportReporter -->
<testsuite hostname="asus" failures="0" tests="1" name="de.learnlib.algorithm.adt.learner.ADTResumableLearnerTest" time="0.953" errors="0" timestamp="2025-05-04T15:12:31 CEST" skipped="0">
  <testcase classname="de.learnlib.algorithm.adt.learner.ADTResumableLearnerTest" name="testSuspendAndResumeLearner" time="0.953"/>
</testsuite> <!-- de.learnlib.algorithm.adt.learner.ADTResumableLearnerTest -->
