<?xml version="1.0" encoding="UTF-8"?>
<!-- Generated by org.testng.reporters.JUnitReportReporter -->
<testsuite hostname="asus" failures="0" tests="2" name="de.learnlib.setting.LearnLibSettingsTest" time="0.024" errors="0" timestamp="2025-05-04T15:12:20 CEST" skipped="0">
  <testcase classname="de.learnlib.setting.LearnLibSettingsTest" name="testLearnLibProperties" time="0.004"/>
  <testcase classname="de.learnlib.setting.LearnLibSettingsTest" name="testAutomataLibProperties" time="0.020"/>
</testsuite> <!-- de.learnlib.setting.LearnLibSettingsTest -->
