<?xml version="1.0" encoding="UTF-8"?>
<!-- Generated by org.testng.reporters.JUnitReportReporter -->
<testsuite hostname="asus" failures="0" tests="12" name="de.learnlib.oracle.parallelism.StaticParallelSLISULTest" time="1.402" errors="0" timestamp="2025-05-04T15:12:24 CEST" skipped="0">
  <testcase classname="de.learnlib.oracle.parallelism.StaticParallelSLISULTest" name="testZeroQueries" time="0.000"/>
  <testcase classname="de.learnlib.oracle.parallelism.StaticParallelSLISULTest" name="testMin" time="0.007"/>
  <testcase classname="de.learnlib.oracle.parallelism.StaticParallelSLISULTest" name="testLessThanSixBatches" time="0.024"/>
  <testcase classname="de.learnlib.oracle.parallelism.StaticParallelSLISULTest" name="testLessThanMin" time="0.012"/>
  <testcase classname="de.learnlib.oracle.parallelism.StaticParallelSLISULTest" name="testLessThanSixBatches" time="0.021"/>
  <testcase classname="de.learnlib.oracle.parallelism.StaticParallelSLISULTest" name="testLessThanMin" time="0.009"/>
  <testcase classname="de.learnlib.oracle.parallelism.StaticParallelSLISULTest" name="testFullLoad" time="0.077"/>
  <testcase classname="de.learnlib.oracle.parallelism.StaticParallelSLISULTest" name="testZeroQueries" time="0.000"/>
  <testcase classname="de.learnlib.oracle.parallelism.StaticParallelSLISULTest" name="testLessThanTwoBatches" time="0.014"/>
  <testcase classname="de.learnlib.oracle.parallelism.StaticParallelSLISULTest" name="testMin" time="0.008"/>
  <testcase classname="de.learnlib.oracle.parallelism.StaticParallelSLISULTest" name="testLessThanTwoBatches" time="0.013"/>
  <testcase classname="de.learnlib.oracle.parallelism.StaticParallelSLISULTest" name="testFullLoad" time="1.217"/>
</testsuite> <!-- de.learnlib.oracle.parallelism.StaticParallelSLISULTest -->
