<?xml version="1.0" encoding="UTF-8"?>
<!-- Generated by org.testng.reporters.JUnitReportReporter -->
<testsuite hostname="asus" failures="0" tests="6" name="de.learnlib.oracle.parallelism.DynamicParallelOmegaSupplierTest" time="0.012" errors="0" timestamp="2025-05-04T15:12:24 CEST" skipped="0">
  <testcase classname="de.learnlib.oracle.parallelism.DynamicParallelOmegaSupplierTest" name="testDistinctQueries" time="0.002"/>
  <testcase classname="de.learnlib.oracle.parallelism.DynamicParallelOmegaSupplierTest" name="testEmpty" time="0.001"/>
  <testcase classname="de.learnlib.oracle.parallelism.DynamicParallelOmegaSupplierTest" name="testDistinctQueries" time="0.003"/>
  <testcase classname="de.learnlib.oracle.parallelism.DynamicParallelOmegaSupplierTest" name="testEmpty" time="0.001"/>
  <testcase classname="de.learnlib.oracle.parallelism.DynamicParallelOmegaSupplierTest" name="testDuplicateQueries" time="0.003"/>
  <testcase classname="de.learnlib.oracle.parallelism.DynamicParallelOmegaSupplierTest" name="testDuplicateQueries" time="0.002"/>
</testsuite> <!-- de.learnlib.oracle.parallelism.DynamicParallelOmegaSupplierTest -->
