<?xml version="1.0" encoding="UTF-8"?>
<!-- Generated by org.testng.reporters.JUnitReportReporter -->
<testsuite hostname="asus" failures="0" tests="6" name="de.learnlib.oracle.parallelism.DynamicParallelObservableSULTest" time="0.008" errors="0" timestamp="2025-05-04T15:12:24 CEST" skipped="0">
  <testcase classname="de.learnlib.oracle.parallelism.DynamicParallelObservableSULTest" name="testEmpty" time="0.000"/>
  <testcase classname="de.learnlib.oracle.parallelism.DynamicParallelObservableSULTest" name="testEmpty" time="0.000"/>
  <testcase classname="de.learnlib.oracle.parallelism.DynamicParallelObservableSULTest" name="testDuplicateQueries" time="0.002"/>
  <testcase classname="de.learnlib.oracle.parallelism.DynamicParallelObservableSULTest" name="testDistinctQueries" time="0.002"/>
  <testcase classname="de.learnlib.oracle.parallelism.DynamicParallelObservableSULTest" name="testDistinctQueries" time="0.002"/>
  <testcase classname="de.learnlib.oracle.parallelism.DynamicParallelObservableSULTest" name="testDuplicateQueries" time="0.002"/>
</testsuite> <!-- de.learnlib.oracle.parallelism.DynamicParallelObservableSULTest -->
