<?xml version="1.0" encoding="UTF-8"?>
<!-- Generated by org.testng.reporters.JUnitReportReporter -->
<testsuite hostname="asus" failures="0" tests="12" name="de.learnlib.oracle.parallelism.StaticParallelSULTest" time="0.017" errors="0" timestamp="2025-05-04T15:12:24 CEST" skipped="0">
  <testcase classname="de.learnlib.oracle.parallelism.StaticParallelSULTest" name="testLessThanMin" time="0.000"/>
  <testcase classname="de.learnlib.oracle.parallelism.StaticParallelSULTest" name="testLessThanMin" time="0.001"/>
  <testcase classname="de.learnlib.oracle.parallelism.StaticParallelSULTest" name="testZeroQueries" time="0.000"/>
  <testcase classname="de.learnlib.oracle.parallelism.StaticParallelSULTest" name="testLessThanTwoBatches" time="0.001"/>
  <testcase classname="de.learnlib.oracle.parallelism.StaticParallelSULTest" name="testLessThanSixBatches" time="0.001"/>
  <testcase classname="de.learnlib.oracle.parallelism.StaticParallelSULTest" name="testMin" time="0.000"/>
  <testcase classname="de.learnlib.oracle.parallelism.StaticParallelSULTest" name="testFullLoad" time="0.005"/>
  <testcase classname="de.learnlib.oracle.parallelism.StaticParallelSULTest" name="testMin" time="0.001"/>
  <testcase classname="de.learnlib.oracle.parallelism.StaticParallelSULTest" name="testLessThanTwoBatches" time="0.001"/>
  <testcase classname="de.learnlib.oracle.parallelism.StaticParallelSULTest" name="testLessThanSixBatches" time="0.002"/>
  <testcase classname="de.learnlib.oracle.parallelism.StaticParallelSULTest" name="testZeroQueries" time="0.001"/>
  <testcase classname="de.learnlib.oracle.parallelism.StaticParallelSULTest" name="testFullLoad" time="0.004"/>
</testsuite> <!-- de.learnlib.oracle.parallelism.StaticParallelSULTest -->
