<?xml version="1.0" encoding="UTF-8"?>
<!-- Generated by org.testng.reporters.JUnitReportReporter -->
<testsuite hostname="asus" failures="0" tests="13" name="de.learnlib.oracle.parallelism.StaticParallelOmegaOracleTest" time="0.010" errors="0" timestamp="2025-05-04T15:12:24 CEST" skipped="0">
  <testcase classname="de.learnlib.oracle.parallelism.StaticParallelOmegaOracleTest" name="testFullLoad" time="0.003"/>
  <testcase classname="de.learnlib.oracle.parallelism.StaticParallelOmegaOracleTest" name="testZeroQueries" time="0.000"/>
  <testcase classname="de.learnlib.oracle.parallelism.StaticParallelOmegaOracleTest" name="testLessThanMin" time="0.001"/>
  <testcase classname="de.learnlib.oracle.parallelism.StaticParallelOmegaOracleTest" name="testLessThanTwoBatches" time="0.000"/>
  <testcase classname="de.learnlib.oracle.parallelism.StaticParallelOmegaOracleTest" name="testFullLoad" time="0.002"/>
  <testcase classname="de.learnlib.oracle.parallelism.StaticParallelOmegaOracleTest" name="testLessThanMin" time="0.000"/>
  <testcase classname="de.learnlib.oracle.parallelism.StaticParallelOmegaOracleTest" name="testLessThanTwoBatches" time="0.000"/>
  <testcase classname="de.learnlib.oracle.parallelism.StaticParallelOmegaOracleTest" name="testZeroQueries" time="0.001"/>
  <testcase classname="de.learnlib.oracle.parallelism.StaticParallelOmegaOracleTest" name="testMin" time="0.000"/>
  <testcase classname="de.learnlib.oracle.parallelism.StaticParallelOmegaOracleTest" name="testLessThanSixBatches" time="0.001"/>
  <testcase classname="de.learnlib.oracle.parallelism.StaticParallelOmegaOracleTest" name="testSingleMethods" time="0.001"/>
  <testcase classname="de.learnlib.oracle.parallelism.StaticParallelOmegaOracleTest" name="testLessThanSixBatches" time="0.001"/>
  <testcase classname="de.learnlib.oracle.parallelism.StaticParallelOmegaOracleTest" name="testMin" time="0.000"/>
</testsuite> <!-- de.learnlib.oracle.parallelism.StaticParallelOmegaOracleTest -->
