<?xml version="1.0" encoding="UTF-8"?>
<!-- Generated by org.testng.reporters.JUnitReportReporter -->
<testsuite hostname="asus" failures="0" tests="11" name="de.learnlib.oracle.parallelism.DynamicParallelOmegaOracleTest" time="0.015" errors="0" timestamp="2025-05-04T15:12:24 CEST" skipped="0">
  <testcase classname="de.learnlib.oracle.parallelism.DynamicParallelOmegaOracleTest" name="testDuplicateQueries" time="0.001"/>
  <testcase classname="de.learnlib.oracle.parallelism.DynamicParallelOmegaOracleTest" name="testDuplicateQueries" time="0.001"/>
  <testcase classname="de.learnlib.oracle.parallelism.DynamicParallelOmegaOracleTest" name="testThreadScheduling" time="0.001"/>
  <testcase classname="de.learnlib.oracle.parallelism.DynamicParallelOmegaOracleTest" name="testSingleMethods" time="0.002"/>
  <testcase classname="de.learnlib.oracle.parallelism.DynamicParallelOmegaOracleTest" name="testThreadScheduling" time="0.001"/>
  <testcase classname="de.learnlib.oracle.parallelism.DynamicParallelOmegaOracleTest" name="testEmpty" time="0.001"/>
  <testcase classname="de.learnlib.oracle.parallelism.DynamicParallelOmegaOracleTest" name="testThreadCreation" time="0.002"/>
  <testcase classname="de.learnlib.oracle.parallelism.DynamicParallelOmegaOracleTest" name="testThreadCreation" time="0.004"/>
  <testcase classname="de.learnlib.oracle.parallelism.DynamicParallelOmegaOracleTest" name="testDistinctQueries" time="0.001"/>
  <testcase classname="de.learnlib.oracle.parallelism.DynamicParallelOmegaOracleTest" name="testEmpty" time="0.000"/>
  <testcase classname="de.learnlib.oracle.parallelism.DynamicParallelOmegaOracleTest" name="testDistinctQueries" time="0.001"/>
</testsuite> <!-- de.learnlib.oracle.parallelism.DynamicParallelOmegaOracleTest -->
