<?xml version="1.0" encoding="UTF-8"?>
<!-- Generated by org.testng.reporters.JUnitReportReporter -->
<testsuite hostname="asus" failures="0" tests="12" name="de.learnlib.oracle.parallelism.StaticParallelAdaptiveSupplierTest" time="0.011" errors="0" timestamp="2025-05-04T15:12:24 CEST" skipped="0">
  <testcase classname="de.learnlib.oracle.parallelism.StaticParallelAdaptiveSupplierTest" name="testLessThanMin" time="0.000"/>
  <testcase classname="de.learnlib.oracle.parallelism.StaticParallelAdaptiveSupplierTest" name="testFullLoad" time="0.003"/>
  <testcase classname="de.learnlib.oracle.parallelism.StaticParallelAdaptiveSupplierTest" name="testZeroQueries" time="0.000"/>
  <testcase classname="de.learnlib.oracle.parallelism.StaticParallelAdaptiveSupplierTest" name="testLessThanTwoBatches" time="0.001"/>
  <testcase classname="de.learnlib.oracle.parallelism.StaticParallelAdaptiveSupplierTest" name="testLessThanTwoBatches" time="0.000"/>
  <testcase classname="de.learnlib.oracle.parallelism.StaticParallelAdaptiveSupplierTest" name="testFullLoad" time="0.003"/>
  <testcase classname="de.learnlib.oracle.parallelism.StaticParallelAdaptiveSupplierTest" name="testLessThanMin" time="0.001"/>
  <testcase classname="de.learnlib.oracle.parallelism.StaticParallelAdaptiveSupplierTest" name="testMin" time="0.000"/>
  <testcase classname="de.learnlib.oracle.parallelism.StaticParallelAdaptiveSupplierTest" name="testLessThanSixBatches" time="0.001"/>
  <testcase classname="de.learnlib.oracle.parallelism.StaticParallelAdaptiveSupplierTest" name="testLessThanSixBatches" time="0.001"/>
  <testcase classname="de.learnlib.oracle.parallelism.StaticParallelAdaptiveSupplierTest" name="testZeroQueries" time="0.001"/>
  <testcase classname="de.learnlib.oracle.parallelism.StaticParallelAdaptiveSupplierTest" name="testMin" time="0.000"/>
</testsuite> <!-- de.learnlib.oracle.parallelism.StaticParallelAdaptiveSupplierTest -->
