<?xml version="1.0" encoding="UTF-8"?>
<!-- Generated by org.testng.reporters.JUnitReportReporter -->
<testsuite hostname="asus" failures="0" tests="1" name="de.learnlib.oracle.parallelism.StaticParallelOracleBuilderTest" time="0.001" errors="0" timestamp="2025-05-04T15:12:24 CEST" skipped="0">
  <testcase classname="de.learnlib.oracle.parallelism.StaticParallelOracleBuilderTest" name="testEmptyInputs" time="0.001"/>
</testsuite> <!-- de.learnlib.oracle.parallelism.StaticParallelOracleBuilderTest -->
