<?xml version="1.0" encoding="UTF-8"?>
<!-- Generated by org.testng.reporters.JUnitReportReporter -->
<testsuite hostname="asus" failures="0" tests="10" name="de.learnlib.oracle.parallelism.DynamicParallelAdaptiveOracleTest" time="0.010" errors="0" timestamp="2025-05-04T15:12:24 CEST" skipped="0">
  <testcase classname="de.learnlib.oracle.parallelism.DynamicParallelAdaptiveOracleTest" name="testThreadScheduling" time="0.001"/>
  <testcase classname="de.learnlib.oracle.parallelism.DynamicParallelAdaptiveOracleTest" name="testEmpty" time="0.001"/>
  <testcase classname="de.learnlib.oracle.parallelism.DynamicParallelAdaptiveOracleTest" name="testDuplicateQueries" time="0.001"/>
  <testcase classname="de.learnlib.oracle.parallelism.DynamicParallelAdaptiveOracleTest" name="testDistinctQueries" time="0.001"/>
  <testcase classname="de.learnlib.oracle.parallelism.DynamicParallelAdaptiveOracleTest" name="testThreadScheduling" time="0.000"/>
  <testcase classname="de.learnlib.oracle.parallelism.DynamicParallelAdaptiveOracleTest" name="testEmpty" time="0.000"/>
  <testcase classname="de.learnlib.oracle.parallelism.DynamicParallelAdaptiveOracleTest" name="testThreadCreation" time="0.001"/>
  <testcase classname="de.learnlib.oracle.parallelism.DynamicParallelAdaptiveOracleTest" name="testThreadCreation" time="0.002"/>
  <testcase classname="de.learnlib.oracle.parallelism.DynamicParallelAdaptiveOracleTest" name="testDuplicateQueries" time="0.001"/>
  <testcase classname="de.learnlib.oracle.parallelism.DynamicParallelAdaptiveOracleTest" name="testDistinctQueries" time="0.002"/>
</testsuite> <!-- de.learnlib.oracle.parallelism.DynamicParallelAdaptiveOracleTest -->
