<?xml version="1.0" encoding="UTF-8"?>
<!-- Generated by org.testng.reporters.JUnitReportReporter -->
<testsuite hostname="asus" failures="0" tests="1" name="de.learnlib.util.ExperimentTest" time="0.033" errors="0" timestamp="2025-05-04T15:11:48 CEST" skipped="0">
  <testcase classname="de.learnlib.util.ExperimentTest" name="testExperiment" time="0.033"/>
</testsuite> <!-- de.learnlib.util.ExperimentTest -->
