<?xml version="1.0" encoding="UTF-8"?>
<!-- Generated by org.testng.reporters.JUnitReportReporter -->
<testsuite hostname="asus" failures="0" tests="2" name="de.learnlib.driver.reflect.SimplePOJOTestDriverTest" time="0.011" errors="0" timestamp="2025-05-04T15:12:43 CEST" skipped="0">
  <testcase classname="de.learnlib.driver.reflect.SimplePOJOTestDriverTest" name="testDriverWithException" time="0.011"/>
  <testcase classname="de.learnlib.driver.reflect.SimplePOJOTestDriverTest" name="testDriverWithNulls" time="0.000"/>
</testsuite> <!-- de.learnlib.driver.reflect.SimplePOJOTestDriverTest -->
