<?xml version="1.0" encoding="UTF-8"?>
<!-- Generated by org.testng.reporters.JUnitReportReporter -->
<testsuite hostname="asus" failures="0" tests="2" name="de.learnlib.oracle.equivalence.DisproveFirstOracleTest" time="0.016" errors="0" timestamp="2025-05-04T15:11:59 CEST" skipped="0">
  <testcase classname="de.learnlib.oracle.equivalence.DisproveFirstOracleTest" name="testGetPropertyOracles" time="0.006"/>
  <testcase classname="de.learnlib.oracle.equivalence.DisproveFirstOracleTest" name="testFindCounterExample" time="0.010"/>
</testsuite> <!-- de.learnlib.oracle.equivalence.DisproveFirstOracleTest -->
