<?xml version="1.0" encoding="UTF-8"?>
<!-- Generated by org.testng.reporters.JUnitReportReporter -->
<testsuite hostname="asus" failures="0" tests="2" name="de.learnlib.oracle.equivalence.EmptyAutomatonOracleTest" time="0.006" errors="0" timestamp="2025-05-04T15:11:59 CEST" skipped="0">
  <testcase classname="de.learnlib.oracle.equivalence.EmptyAutomatonOracleTest" name="testEmptyDFA" time="0.002"/>
  <testcase classname="de.learnlib.oracle.equivalence.EmptyAutomatonOracleTest" name="testEmptyMealy" time="0.004"/>
</testsuite> <!-- de.learnlib.oracle.equivalence.EmptyAutomatonOracleTest -->
