<?xml version="1.0" encoding="UTF-8"?>
<!-- Generated by org.testng.reporters.JUnitReportReporter -->
<testsuite hostname="asus" failures="0" tests="2" name="de.learnlib.oracle.equivalence.SampleSetEQOracleTest" time="0.002" errors="0" timestamp="2025-05-04T15:11:59 CEST" skipped="0">
  <testcase classname="de.learnlib.oracle.equivalence.SampleSetEQOracleTest" name="testGeneratedEQQueries" time="0.001"/>
  <testcase classname="de.learnlib.oracle.equivalence.SampleSetEQOracleTest" name="testName" time="0.001"/>
</testsuite> <!-- de.learnlib.oracle.equivalence.SampleSetEQOracleTest -->
