<?xml version="1.0" encoding="UTF-8"?>
<!-- Generated by org.testng.reporters.JUnitReportReporter -->
<testsuite hostname="asus" failures="0" tests="1" name="de.learnlib.oracle.equivalence.vpa.RandomWellMatchedWordsEQOracleTest" time="0.009" errors="0" timestamp="2025-05-04T15:11:59 CEST" skipped="0">
  <testcase classname="de.learnlib.oracle.equivalence.vpa.RandomWellMatchedWordsEQOracleTest" name="testGeneratedEQQueries" time="0.009"/>
</testsuite> <!-- de.learnlib.oracle.equivalence.vpa.RandomWellMatchedWordsEQOracleTest -->
