<?xml version="1.0" encoding="UTF-8"?>
<!-- Generated by org.testng.reporters.JUnitReportReporter -->
<testsuite hostname="asus" failures="0" tests="1" name="de.learnlib.oracle.equivalence.IncrementalWMethodEQOracleTest" time="0.011" errors="0" timestamp="2025-05-04T15:11:59 CEST" skipped="0">
  <testcase classname="de.learnlib.oracle.equivalence.IncrementalWMethodEQOracleTest" name="testGeneratedEQQueries" time="0.011"/>
</testsuite> <!-- de.learnlib.oracle.equivalence.IncrementalWMethodEQOracleTest -->
