<?xml version="1.0" encoding="UTF-8"?>
<!-- Generated by org.testng.reporters.JUnitReportReporter -->
<testsuite hostname="asus" failures="0" tests="6" name="de.learnlib.oracle.equivalence.DFABFInclusionOracleTest" time="0.050" errors="0" timestamp="2025-05-04T15:11:59 CEST" skipped="0">
  <testcase classname="de.learnlib.oracle.equivalence.DFABFInclusionOracleTest" name="testAddWord" time="0.035"/>
  <testcase classname="de.learnlib.oracle.equivalence.DFABFInclusionOracleTest" name="testNextInput" time="0.002"/>
  <testcase classname="de.learnlib.oracle.equivalence.DFABFInclusionOracleTest" name="testGetMultiplier" time="0.004"/>
  <testcase classname="de.learnlib.oracle.equivalence.DFABFInclusionOracleTest" name="testIsCounterExample" time="0.004"/>
  <testcase classname="de.learnlib.oracle.equivalence.DFABFInclusionOracleTest" name="testFindCounterExample" time="0.003"/>
  <testcase classname="de.learnlib.oracle.equivalence.DFABFInclusionOracleTest" name="testPre" time="0.002"/>
</testsuite> <!-- de.learnlib.oracle.equivalence.DFABFInclusionOracleTest -->
