<?xml version="1.0" encoding="UTF-8"?>
<!-- Generated by org.testng.reporters.JUnitReportReporter -->
<testsuite hostname="asus" failures="0" tests="6" name="de.learnlib.oracle.equivalence.MealyBFInclusionOracleTest" time="1.000" errors="0" timestamp="2025-05-04T15:11:59 CEST" skipped="0">
  <testcase classname="de.learnlib.oracle.equivalence.MealyBFInclusionOracleTest" name="testAddWord" time="0.004"/>
  <testcase classname="de.learnlib.oracle.equivalence.MealyBFInclusionOracleTest" name="testGetMultiplier" time="0.971"/>
  <testcase classname="de.learnlib.oracle.equivalence.MealyBFInclusionOracleTest" name="testIsCounterExample" time="0.008"/>
  <testcase classname="de.learnlib.oracle.equivalence.MealyBFInclusionOracleTest" name="testNextInput" time="0.006"/>
  <testcase classname="de.learnlib.oracle.equivalence.MealyBFInclusionOracleTest" name="testFindCounterExample" time="0.007"/>
  <testcase classname="de.learnlib.oracle.equivalence.MealyBFInclusionOracleTest" name="testPre" time="0.004"/>
</testsuite> <!-- de.learnlib.oracle.equivalence.MealyBFInclusionOracleTest -->
