<?xml version="1.0" encoding="UTF-8"?>
<!-- Generated by org.testng.reporters.JUnitReportReporter -->
<testsuite hostname="asus" failures="0" tests="2" name="de.learnlib.oracle.equivalence.RandomWordsEQOracleTest" time="0.014" errors="0" timestamp="2025-05-04T15:11:59 CEST" skipped="0">
  <testcase classname="de.learnlib.oracle.equivalence.RandomWordsEQOracleTest" name="testGeneratedEQQueries" time="0.014"/>
  <testcase classname="de.learnlib.oracle.equivalence.RandomWordsEQOracleTest" name="testNumberOfTotalQueries" time="0.000"/>
</testsuite> <!-- de.learnlib.oracle.equivalence.RandomWordsEQOracleTest -->
