<?xml version="1.0" encoding="UTF-8"?>
<!-- Generated by org.testng.reporters.JUnitReportReporter -->
<testsuite hostname="asus" failures="0" tests="2" name="de.learnlib.algorithm.observationpack.vpa.DTVisualizationTest" time="0.024" errors="0" timestamp="2025-05-04T15:12:38 CEST" skipped="0">
  <testcase classname="de.learnlib.algorithm.observationpack.vpa.DTVisualizationTest" name="testVisualizeHyp" time="0.011"/>
  <testcase classname="de.learnlib.algorithm.observationpack.vpa.DTVisualizationTest" name="testVisualizeDT" time="0.013"/>
</testsuite> <!-- de.learnlib.algorithm.observationpack.vpa.DTVisualizationTest -->
