<?xml version="1.0" encoding="UTF-8"?>
<!-- Generated by org.testng.reporters.JUnitReportReporter -->
<testsuite hostname="asus" failures="0" tests="1" name="de.learnlib.algorithm.lsharp.ads.ADSTreeTest" time="0.000" errors="0" timestamp="2025-05-04T15:12:35 CEST" skipped="0">
  <testcase classname="de.learnlib.algorithm.lsharp.ads.ADSTreeTest" name="adsRegression" time="0.000"/>
</testsuite> <!-- de.learnlib.algorithm.lsharp.ads.ADSTreeTest -->
