<?xml version="1.0" encoding="UTF-8"?>
<!-- Generated by org.testng.reporters.JUnitReportReporter -->
<testsuite hostname="asus" failures="0" tests="2" name="de.learnlib.algorithm.lsharp.NormalObservationTreeTest" time="0.398" errors="0" timestamp="2025-05-04T15:12:35 CEST" skipped="0">
  <testcase classname="de.learnlib.algorithm.lsharp.NormalObservationTreeTest" name="xferSeqMantained" time="0.113"/>
  <testcase classname="de.learnlib.algorithm.lsharp.NormalObservationTreeTest" name="accessSeqMantained" time="0.285"/>
</testsuite> <!-- de.learnlib.algorithm.lsharp.NormalObservationTreeTest -->
