<?xml version="1.0" encoding="UTF-8"?>
<!-- Generated by org.testng.reporters.JUnitReportReporter -->
<testsuite hostname="asus" failures="0" tests="2" name="de.learnlib.algorithm.kv.dfa.KearnsVaziraniDFAGrowingAlphabetTest" time="0.038" errors="0" timestamp="2025-05-04T15:12:05 CEST" skipped="0">
  <testcase classname="de.learnlib.algorithm.kv.dfa.KearnsVaziraniDFAGrowingAlphabetTest" name="testGrowingAlphabet" time="0.037"/>
  <testcase classname="de.learnlib.algorithm.kv.dfa.KearnsVaziraniDFAGrowingAlphabetTest" name="testInitialAlphabet" time="0.001"/>
</testsuite> <!-- de.learnlib.algorithm.kv.dfa.KearnsVaziraniDFAGrowingAlphabetTest -->
