<?xml version="1.0" encoding="UTF-8"?>
<!-- Generated by org.testng.reporters.JUnitReportReporter -->
<testsuite hostname="asus" failures="0" tests="1" name="de.learnlib.algorithm.kv.mealy.KearnsVaziraniMealyResumableLearnerTest" time="0.090" errors="0" timestamp="2025-05-04T15:12:05 CEST" skipped="0">
  <testcase classname="de.learnlib.algorithm.kv.mealy.KearnsVaziraniMealyResumableLearnerTest" name="testSuspendAndResumeLearner" time="0.090"/>
</testsuite> <!-- de.learnlib.algorithm.kv.mealy.KearnsVaziraniMealyResumableLearnerTest -->
