<?xml version="1.0" encoding="UTF-8"?>
<!-- Generated by org.testng.reporters.JUnitReportReporter -->
<testsuite hostname="asus" failures="0" tests="2" name="de.learnlib.mapper.MappedSULTest" time="0.007" errors="0" timestamp="2025-05-04T15:12:44 CEST" skipped="0">
  <testcase classname="de.learnlib.mapper.MappedSULTest" name="testMapperWithMappedExceptions" time="0.001"/>
  <testcase classname="de.learnlib.mapper.MappedSULTest" name="testMapperWithException" time="0.006"/>
</testsuite> <!-- de.learnlib.mapper.MappedSULTest -->
