<?xml version="1.0" encoding="UTF-8"?>
<!-- Generated by org.testng.reporters.JUnitReportReporter -->
<testsuite hostname="asus" failures="0" tests="1" name="de.learnlib.mapper.MapperCompositionTest" time="0.003" errors="0" timestamp="2025-05-04T15:12:44 CEST" skipped="0">
  <testcase classname="de.learnlib.mapper.MapperCompositionTest" name="testComposition" time="0.003"/>
</testsuite> <!-- de.learnlib.mapper.MapperCompositionTest -->
